This file contains any messages produced by compilers while
running configure, to aid debugging if configure makes a mistake.

It was created by rfxcodec configure 0.1.4, which was
generated by GNU Autoconf 2.69.  Invocation command line was

  $ ./configure --disable-option-checking --prefix=/usr/local --enable-jpeg --enable-fuse --enable-pixman --cache-file=/dev/null --srcdir=.

## --------- ##
## Platform. ##
## --------- ##

hostname = vstream
uname -m = x86_64
uname -r = 4.9.0-8-amd64
uname -s = Linux
uname -v = #1 SMP Debian 4.9.110-3+deb9u4 (2018-08-21)

/usr/bin/uname -p = unknown
/bin/uname -X     = unknown

/bin/arch              = unknown
/usr/bin/arch -k       = unknown
/usr/convex/getsysinfo = unknown
/usr/bin/hostinfo      = unknown
/bin/machine           = unknown
/usr/bin/oslevel       = unknown
/bin/universe          = unknown

PATH: /usr/local/bin
PATH: /usr/bin
PATH: /bin
PATH: /usr/local/games
PATH: /usr/games


## ----------- ##
## Core tests. ##
## ----------- ##

configure:2192: checking for a BSD-compatible install
configure:2260: result: /usr/bin/install -c
configure:2271: checking whether build environment is sane
configure:2326: result: yes
configure:2477: checking for a thread-safe mkdir -p
configure:2516: result: /bin/mkdir -p
configure:2523: checking for gawk
configure:2553: result: no
configure:2523: checking for mawk
configure:2539: found /usr/bin/mawk
configure:2550: result: mawk
configure:2561: checking whether make sets $(MAKE)
configure:2583: result: yes
configure:2612: checking whether make supports nested variables
configure:2629: result: yes
configure:2767: checking whether make supports nested variables
configure:2784: result: yes
configure:2843: checking for gcc
configure:2859: found /usr/bin/gcc
configure:2870: result: gcc
configure:3099: checking for C compiler version
configure:3108: gcc --version >&5
gcc (Debian 6.3.0-18+deb9u1) 6.3.0 20170516
Copyright (C) 2016 Free Software Foundation, Inc.
This is free software; see the source for copying conditions.  There is NO
warranty; not even for MERCHANTABILITY or FITNESS FOR A PARTICULAR PURPOSE.

configure:3119: $? = 0
configure:3108: gcc -v >&5
Using built-in specs.
COLLECT_GCC=gcc
COLLECT_LTO_WRAPPER=/usr/lib/gcc/x86_64-linux-gnu/6/lto-wrapper
Target: x86_64-linux-gnu
Configured with: ../src/configure -v --with-pkgversion='Debian 6.3.0-18+deb9u1' --with-bugurl=file:///usr/share/doc/gcc-6/README.Bugs --enable-languages=c,ada,c++,java,go,d,fortran,objc,obj-c++ --prefix=/usr --program-suffix=-6 --program-prefix=x86_64-linux-gnu- --enable-shared --enable-linker-build-id --libexecdir=/usr/lib --without-included-gettext --enable-threads=posix --libdir=/usr/lib --enable-nls --with-sysroot=/ --enable-clocale=gnu --enable-libstdcxx-debug --enable-libstdcxx-time=yes --with-default-libstdcxx-abi=new --enable-gnu-unique-object --disable-vtable-verify --enable-libmpx --enable-plugin --enable-default-pie --with-system-zlib --disable-browser-plugin --enable-java-awt=gtk --enable-gtk-cairo --with-java-home=/usr/lib/jvm/java-1.5.0-gcj-6-amd64/jre --enable-java-home --with-jvm-root-dir=/usr/lib/jvm/java-1.5.0-gcj-6-amd64 --with-jvm-jar-dir=/usr/lib/jvm-exports/java-1.5.0-gcj-6-amd64 --with-arch-directory=amd64 --with-ecj-jar=/usr/share/java/eclipse-ecj.jar --with-target-system-zlib --enable-objc-gc=auto --enable-multiarch --with-arch-32=i686 --with-abi=m64 --with-multilib-list=m32,m64,mx32 --enable-multilib --with-tune=generic --enable-checking=release --build=x86_64-linux-gnu --host=x86_64-linux-gnu --target=x86_64-linux-gnu
Thread model: posix
gcc version 6.3.0 20170516 (Debian 6.3.0-18+deb9u1) 
configure:3119: $? = 0
configure:3108: gcc -V >&5
gcc: error: unrecognized command line option '-V'
gcc: fatal error: no input files
compilation terminated.
configure:3119: $? = 1
configure:3108: gcc -qversion >&5
gcc: error: unrecognized command line option '-qversion'; did you mean '--version'?
gcc: fatal error: no input files
compilation terminated.
configure:3119: $? = 1
configure:3139: checking whether the C compiler works
configure:3161: gcc    conftest.c  >&5
configure:3165: $? = 0
configure:3213: result: yes
configure:3216: checking for C compiler default output file name
configure:3218: result: a.out
configure:3224: checking for suffix of executables
configure:3231: gcc -o conftest    conftest.c  >&5
configure:3235: $? = 0
configure:3257: result: 
configure:3279: checking whether we are cross compiling
configure:3287: gcc -o conftest    conftest.c  >&5
configure:3291: $? = 0
configure:3298: ./conftest
configure:3302: $? = 0
configure:3317: result: no
configure:3322: checking for suffix of object files
configure:3344: gcc -c   conftest.c >&5
configure:3348: $? = 0
configure:3369: result: o
configure:3373: checking whether we are using the GNU C compiler
configure:3392: gcc -c   conftest.c >&5
configure:3392: $? = 0
configure:3401: result: yes
configure:3410: checking whether gcc accepts -g
configure:3430: gcc -c -g  conftest.c >&5
configure:3430: $? = 0
configure:3471: result: yes
configure:3488: checking for gcc option to accept ISO C89
configure:3551: gcc  -c -g -O2  conftest.c >&5
configure:3551: $? = 0
configure:3564: result: none needed
configure:3589: checking whether gcc understands -c and -o together
configure:3611: gcc -c conftest.c -o conftest2.o
configure:3614: $? = 0
configure:3611: gcc -c conftest.c -o conftest2.o
configure:3614: $? = 0
configure:3626: result: yes
configure:3654: checking for style of include used by make
configure:3682: result: GNU
configure:3708: checking dependency style of gcc
configure:3819: result: gcc3
configure:3835: checking for an ANSI C-conforming const
configure:3901: gcc -c -g -O2  conftest.c >&5
configure:3901: $? = 0
configure:3908: result: yes
configure:3945: checking build system type
configure:3959: result: x86_64-pc-linux-gnu
configure:3979: checking host system type
configure:3992: result: x86_64-pc-linux-gnu
configure:4033: checking how to print strings
configure:4060: result: printf
configure:4081: checking for a sed that does not truncate output
configure:4145: result: /bin/sed
configure:4163: checking for grep that handles long lines and -e
configure:4221: result: /bin/grep
configure:4226: checking for egrep
configure:4288: result: /bin/grep -E
configure:4293: checking for fgrep
configure:4355: result: /bin/grep -F
configure:4390: checking for ld used by gcc
configure:4457: result: /usr/bin/ld
configure:4464: checking if the linker (/usr/bin/ld) is GNU ld
configure:4479: result: yes
configure:4491: checking for BSD- or MS-compatible name lister (nm)
configure:4545: result: /usr/bin/nm -B
configure:4675: checking the name lister (/usr/bin/nm -B) interface
configure:4682: gcc -c -g -O2  conftest.c >&5
configure:4685: /usr/bin/nm -B "conftest.o"
configure:4688: output
0000000000000000 B some_variable
configure:4695: result: BSD nm
configure:4698: checking whether ln -s works
configure:4702: result: yes
configure:4710: checking the maximum length of command line arguments
configure:4841: result: 1572864
configure:4889: checking how to convert x86_64-pc-linux-gnu file names to x86_64-pc-linux-gnu format
configure:4929: result: func_convert_file_noop
configure:4936: checking how to convert x86_64-pc-linux-gnu file names to toolchain format
configure:4956: result: func_convert_file_noop
configure:4963: checking for /usr/bin/ld option to reload object files
configure:4970: result: -r
configure:5044: checking for objdump
configure:5060: found /usr/bin/objdump
configure:5071: result: objdump
configure:5103: checking how to recognize dependent libraries
configure:5303: result: pass_all
configure:5388: checking for dlltool
configure:5418: result: no
configure:5448: checking how to associate runtime and link libraries
configure:5475: result: printf %s\n
configure:5535: checking for ar
configure:5551: found /usr/bin/ar
configure:5562: result: ar
configure:5599: checking for archiver @FILE support
configure:5616: gcc -c -g -O2  conftest.c >&5
configure:5616: $? = 0
configure:5619: ar cru libconftest.a @conftest.lst >&5
ar: `u' modifier ignored since `D' is the default (see `U')
configure:5622: $? = 0
configure:5627: ar cru libconftest.a @conftest.lst >&5
ar: `u' modifier ignored since `D' is the default (see `U')
ar: conftest.o: No such file or directory
configure:5630: $? = 1
configure:5642: result: @
configure:5700: checking for strip
configure:5716: found /usr/bin/strip
configure:5727: result: strip
configure:5799: checking for ranlib
configure:5815: found /usr/bin/ranlib
configure:5826: result: ranlib
configure:5928: checking command to parse /usr/bin/nm -B output from gcc object
configure:6081: gcc -c -g -O2  conftest.c >&5
configure:6084: $? = 0
configure:6088: /usr/bin/nm -B conftest.o \| sed -n -e 's/^.*[ ]\([ABCDGIRSTW][ABCDGIRSTW]*\)[ ][ ]*\([_A-Za-z][_A-Za-z0-9]*\)$/\1 \2 \2/p' | sed '/ __gnu_lto/d' \> conftest.nm
configure:6091: $? = 0
configure:6157: gcc -o conftest -g -O2   conftest.c conftstm.o >&5
configure:6160: $? = 0
configure:6198: result: ok
configure:6245: checking for sysroot
configure:6275: result: no
configure:6282: checking for a working dd
configure:6320: result: /bin/dd
configure:6324: checking how to truncate binary pipes
configure:6339: result: /bin/dd bs=4096 count=1
configure:6475: gcc -c -g -O2  conftest.c >&5
configure:6478: $? = 0
configure:6668: checking for mt
configure:6684: found /bin/mt
configure:6695: result: mt
configure:6718: checking if mt is a manifest tool
configure:6724: mt '-?'
configure:6732: result: no
configure:7409: checking how to run the C preprocessor
configure:7440: gcc -E  conftest.c
configure:7440: $? = 0
configure:7454: gcc -E  conftest.c
conftest.c:11:28: fatal error: ac_nonexistent.h: No such file or directory
 #include <ac_nonexistent.h>
                            ^
compilation terminated.
configure:7454: $? = 1
configure: failed program was:
| /* confdefs.h */
| #define PACKAGE_NAME "rfxcodec"
| #define PACKAGE_TARNAME "rfxcodec"
| #define PACKAGE_VERSION "0.1.4"
| #define PACKAGE_STRING "rfxcodec 0.1.4"
| #define PACKAGE_BUGREPORT "xrdp-devel@googlegroups.com"
| #define PACKAGE_URL ""
| #define PACKAGE "rfxcodec"
| #define VERSION "0.1.4"
| /* end confdefs.h.  */
| #include <ac_nonexistent.h>
configure:7479: result: gcc -E
configure:7499: gcc -E  conftest.c
configure:7499: $? = 0
configure:7513: gcc -E  conftest.c
conftest.c:11:28: fatal error: ac_nonexistent.h: No such file or directory
 #include <ac_nonexistent.h>
                            ^
compilation terminated.
configure:7513: $? = 1
configure: failed program was:
| /* confdefs.h */
| #define PACKAGE_NAME "rfxcodec"
| #define PACKAGE_TARNAME "rfxcodec"
| #define PACKAGE_VERSION "0.1.4"
| #define PACKAGE_STRING "rfxcodec 0.1.4"
| #define PACKAGE_BUGREPORT "xrdp-devel@googlegroups.com"
| #define PACKAGE_URL ""
| #define PACKAGE "rfxcodec"
| #define VERSION "0.1.4"
| /* end confdefs.h.  */
| #include <ac_nonexistent.h>
configure:7542: checking for ANSI C header files
configure:7562: gcc -c -g -O2  conftest.c >&5
configure:7562: $? = 0
configure:7635: gcc -o conftest -g -O2   conftest.c  >&5
configure:7635: $? = 0
configure:7635: ./conftest
configure:7635: $? = 0
configure:7646: result: yes
configure:7659: checking for sys/types.h
configure:7659: gcc -c -g -O2  conftest.c >&5
configure:7659: $? = 0
configure:7659: result: yes
configure:7659: checking for sys/stat.h
configure:7659: gcc -c -g -O2  conftest.c >&5
configure:7659: $? = 0
configure:7659: result: yes
configure:7659: checking for stdlib.h
configure:7659: gcc -c -g -O2  conftest.c >&5
configure:7659: $? = 0
configure:7659: result: yes
configure:7659: checking for string.h
configure:7659: gcc -c -g -O2  conftest.c >&5
configure:7659: $? = 0
configure:7659: result: yes
configure:7659: checking for memory.h
configure:7659: gcc -c -g -O2  conftest.c >&5
configure:7659: $? = 0
configure:7659: result: yes
configure:7659: checking for strings.h
configure:7659: gcc -c -g -O2  conftest.c >&5
configure:7659: $? = 0
configure:7659: result: yes
configure:7659: checking for inttypes.h
configure:7659: gcc -c -g -O2  conftest.c >&5
configure:7659: $? = 0
configure:7659: result: yes
configure:7659: checking for stdint.h
configure:7659: gcc -c -g -O2  conftest.c >&5
configure:7659: $? = 0
configure:7659: result: yes
configure:7659: checking for unistd.h
configure:7659: gcc -c -g -O2  conftest.c >&5
configure:7659: $? = 0
configure:7659: result: yes
configure:7673: checking for dlfcn.h
configure:7673: gcc -c -g -O2  conftest.c >&5
configure:7673: $? = 0
configure:7673: result: yes
configure:7929: checking for objdir
configure:7944: result: .libs
configure:8208: checking if gcc supports -fno-rtti -fno-exceptions
configure:8226: gcc -c -g -O2  -fno-rtti -fno-exceptions conftest.c >&5
cc1: warning: command line option '-fno-rtti' is valid for C++/ObjC++ but not for C
configure:8230: $? = 0
configure:8243: result: no
configure:8601: checking for gcc option to produce PIC
configure:8608: result: -fPIC -DPIC
configure:8616: checking if gcc PIC flag -fPIC -DPIC works
configure:8634: gcc -c -g -O2  -fPIC -DPIC -DPIC conftest.c >&5
configure:8638: $? = 0
configure:8651: result: yes
configure:8680: checking if gcc static flag -static works
configure:8708: result: yes
configure:8723: checking if gcc supports -c -o file.o
configure:8744: gcc -c -g -O2  -o out/conftest2.o conftest.c >&5
configure:8748: $? = 0
configure:8770: result: yes
configure:8778: checking if gcc supports -c -o file.o
configure:8825: result: yes
configure:8858: checking whether the gcc linker (/usr/bin/ld -m elf_x86_64) supports shared libraries
configure:10121: result: yes
configure:10158: checking whether -lc should be explicitly linked in
configure:10166: gcc -c -g -O2  conftest.c >&5
configure:10169: $? = 0
configure:10184: gcc -shared  -fPIC -DPIC conftest.o  -v -Wl,-soname -Wl,conftest -o conftest 2\>\&1 \| /bin/grep  -lc  \>/dev/null 2\>\&1
configure:10187: $? = 0
configure:10201: result: no
configure:10361: checking dynamic linker characteristics
configure:10942: gcc -o conftest -g -O2   -Wl,-rpath -Wl,/foo conftest.c  >&5
configure:10942: $? = 0
configure:11191: result: GNU/Linux ld.so
configure:11313: checking how to hardcode library paths into programs
configure:11338: result: immediate
configure:11886: checking whether stripping libraries is possible
configure:11891: result: yes
configure:11926: checking if libtool supports shared libraries
configure:11928: result: yes
configure:11931: checking whether to build shared libraries
configure:11956: result: yes
configure:11959: checking whether to build static libraries
configure:11963: result: yes
configure:12022: checking CFLAGS for maximum warnings
configure:12042: gcc -c -g -O2 -warn all  -warn all  conftest.c >&5
gcc: error: all: No such file or directory
gcc: error: all: No such file or directory
gcc: error: unrecognized command line option '-warn'; did you mean '--warn-'?
gcc: error: unrecognized command line option '-warn'; did you mean '--warn-'?
configure:12042: $? = 1
configure: failed program was:
| /* confdefs.h */
| #define PACKAGE_NAME "rfxcodec"
| #define PACKAGE_TARNAME "rfxcodec"
| #define PACKAGE_VERSION "0.1.4"
| #define PACKAGE_STRING "rfxcodec 0.1.4"
| #define PACKAGE_BUGREPORT "xrdp-devel@googlegroups.com"
| #define PACKAGE_URL ""
| #define PACKAGE "rfxcodec"
| #define VERSION "0.1.4"
| #define STDC_HEADERS 1
| #define HAVE_SYS_TYPES_H 1
| #define HAVE_SYS_STAT_H 1
| #define HAVE_STDLIB_H 1
| #define HAVE_STRING_H 1
| #define HAVE_MEMORY_H 1
| #define HAVE_STRINGS_H 1
| #define HAVE_INTTYPES_H 1
| #define HAVE_STDINT_H 1
| #define HAVE_UNISTD_H 1
| #define HAVE_DLFCN_H 1
| #define LT_OBJDIR ".libs/"
| /* end confdefs.h.  */
| 
| int
| main ()
| {
| 
|   ;
|   return 0;
| }
configure:12042: gcc -c -g -O2 -pedantic  -Wall  conftest.c >&5
configure:12042: $? = 0
configure:12050: result: -Wall
configure:12070: : CFLAGS="$CFLAGS"
configure:12073: $? = 0
configure:12104: checking whether C compiler accepts -Wwrite-strings
configure:12123: gcc -c -g -O2 -Wall  -Wwrite-strings  conftest.c >&5
configure:12123: $? = 0
configure:12132: result: yes
configure:12148: : CFLAGS="$CFLAGS"
configure:12151: $? = 0
configure:12183: checking if we have SIMD optimisations for cpu type
configure:12187: result: yes (x86_64)
configure:12195: checking for nasm
configure:12211: found /usr/bin/nasm
configure:12222: result: nasm
configure:12235: checking for object file format of host system
configure:12309: result: ELF64
configure:12317: checking for object file format specifier (NAFLAGS) 
configure:12332: result: -felf64 -DELF -D__x86_64__
configure:12336: checking whether the assembler (nasm -felf64 -DELF -D__x86_64__) works
configure:12348: nasm -felf64 -DELF -D__x86_64__ -o conftest-nasm.o conftest.asm
configure:12351: $? = 0
configure:12353: result: yes
configure:12364: checking whether the linker accepts assembler output
configure:12384: gcc -o conftest -g -O2 -Wall -Wwrite-strings   conftest.c conftest-nasm.o  >&5
configure:12384: $? = 0
configure:12392: result: yes
configure:12762: checking that generated files are newer than configure
configure:12768: result: done
configure:12799: creating ./config.status

## ---------------------- ##
## Running config.status. ##
## ---------------------- ##

This file was extended by rfxcodec config.status 0.1.4, which was
generated by GNU Autoconf 2.69.  Invocation command line was

  CONFIG_FILES    = 
  CONFIG_HEADERS  = 
  CONFIG_LINKS    = 
  CONFIG_COMMANDS = 
  $ ./config.status 

on vstream

config.status:1099: creating Makefile
config.status:1099: creating include/Makefile
config.status:1099: creating src/Makefile
config.status:1099: creating src/amd64/Makefile
config.status:1099: creating src/x86/Makefile
config.status:1099: creating tests/Makefile
config.status:1099: creating rfxcodec.pc
config.status:1099: creating rfxcodec-uninstalled.pc
config.status:1099: creating config_ac.h
config.status:1280: config_ac.h is unchanged
config.status:1328: executing depfiles commands
config.status:1328: executing libtool commands

## ---------------- ##
## Cache variables. ##
## ---------------- ##

ac_cv_build=x86_64-pc-linux-gnu
ac_cv_c_compiler_gnu=yes
ac_cv_c_const=yes
ac_cv_cflags_warn_all=-Wall
ac_cv_env_CC_set=
ac_cv_env_CC_value=
ac_cv_env_CFLAGS_set=
ac_cv_env_CFLAGS_value=
ac_cv_env_CPPFLAGS_set=
ac_cv_env_CPPFLAGS_value=
ac_cv_env_CPP_set=
ac_cv_env_CPP_value=
ac_cv_env_LDFLAGS_set=
ac_cv_env_LDFLAGS_value=
ac_cv_env_LIBS_set=
ac_cv_env_LIBS_value=
ac_cv_env_LT_SYS_LIBRARY_PATH_set=
ac_cv_env_LT_SYS_LIBRARY_PATH_value=
ac_cv_env_build_alias_set=
ac_cv_env_build_alias_value=
ac_cv_env_host_alias_set=
ac_cv_env_host_alias_value=
ac_cv_env_target_alias_set=
ac_cv_env_target_alias_value=
ac_cv_header_dlfcn_h=yes
ac_cv_header_inttypes_h=yes
ac_cv_header_memory_h=yes
ac_cv_header_stdc=yes
ac_cv_header_stdint_h=yes
ac_cv_header_stdlib_h=yes
ac_cv_header_string_h=yes
ac_cv_header_strings_h=yes
ac_cv_header_sys_stat_h=yes
ac_cv_header_sys_types_h=yes
ac_cv_header_unistd_h=yes
ac_cv_host=x86_64-pc-linux-gnu
ac_cv_objext=o
ac_cv_path_EGREP='/bin/grep -E'
ac_cv_path_FGREP='/bin/grep -F'
ac_cv_path_GREP=/bin/grep
ac_cv_path_SED=/bin/sed
ac_cv_path_install='/usr/bin/install -c'
ac_cv_path_lt_DD=/bin/dd
ac_cv_path_mkdir=/bin/mkdir
ac_cv_prog_AWK=mawk
ac_cv_prog_CPP='gcc -E'
ac_cv_prog_NASM=nasm
ac_cv_prog_ac_ct_AR=ar
ac_cv_prog_ac_ct_CC=gcc
ac_cv_prog_ac_ct_MANIFEST_TOOL=mt
ac_cv_prog_ac_ct_OBJDUMP=objdump
ac_cv_prog_ac_ct_RANLIB=ranlib
ac_cv_prog_ac_ct_STRIP=strip
ac_cv_prog_cc_c89=
ac_cv_prog_cc_g=yes
ac_cv_prog_make_make_set=yes
am_cv_CC_dependencies_compiler_type=gcc3
am_cv_make_support_nested_variables=yes
am_cv_prog_cc_c_o=yes
ax_cv_check_cflags___Wwrite_strings=yes
lt_cv_ar_at_file=@
lt_cv_archive_cmds_need_lc=no
lt_cv_deplibs_check_method=pass_all
lt_cv_file_magic_cmd='$MAGIC_CMD'
lt_cv_file_magic_test_file=
lt_cv_ld_reload_flag=-r
lt_cv_nm_interface='BSD nm'
lt_cv_objdir=.libs
lt_cv_path_LD=/usr/bin/ld
lt_cv_path_NM='/usr/bin/nm -B'
lt_cv_path_mainfest_tool=no
lt_cv_prog_compiler_c_o=yes
lt_cv_prog_compiler_pic='-fPIC -DPIC'
lt_cv_prog_compiler_pic_works=yes
lt_cv_prog_compiler_rtti_exceptions=no
lt_cv_prog_compiler_static_works=yes
lt_cv_prog_gnu_ld=yes
lt_cv_sharedlib_from_linklib_cmd='printf %s\n'
lt_cv_shlibpath_overrides_runpath=yes
lt_cv_sys_global_symbol_pipe='sed -n -e '\''s/^.*[	 ]\([ABCDGIRSTW][ABCDGIRSTW]*\)[	 ][	 ]*\([_A-Za-z][_A-Za-z0-9]*\)$/\1 \2 \2/p'\'' | sed '\''/ __gnu_lto/d'\'''
lt_cv_sys_global_symbol_to_c_name_address='sed -n -e '\''s/^: \(.*\) .*$/  {"\1", (void *) 0},/p'\'' -e '\''s/^[ABCDGIRSTW][ABCDGIRSTW]* .* \(.*\)$/  {"\1", (void *) \&\1},/p'\'''
lt_cv_sys_global_symbol_to_c_name_address_lib_prefix='sed -n -e '\''s/^: \(.*\) .*$/  {"\1", (void *) 0},/p'\'' -e '\''s/^[ABCDGIRSTW][ABCDGIRSTW]* .* \(lib.*\)$/  {"\1", (void *) \&\1},/p'\'' -e '\''s/^[ABCDGIRSTW][ABCDGIRSTW]* .* \(.*\)$/  {"lib\1", (void *) \&\1},/p'\'''
lt_cv_sys_global_symbol_to_cdecl='sed -n -e '\''s/^T .* \(.*\)$/extern int \1();/p'\'' -e '\''s/^[ABCDGIRSTW][ABCDGIRSTW]* .* \(.*\)$/extern char \1;/p'\'''
lt_cv_sys_global_symbol_to_import=
lt_cv_sys_max_cmd_len=1572864
lt_cv_to_host_file_cmd=func_convert_file_noop
lt_cv_to_tool_file_cmd=func_convert_file_noop
lt_cv_truncate_bin='/bin/dd bs=4096 count=1'

## ----------------- ##
## Output variables. ##
## ----------------- ##

ACLOCAL='${SHELL} /home/wyrda/xrdp-0.9.8/librfxcodec/missing aclocal-1.15'
AMDEPBACKSLASH='\'
AMDEP_FALSE='#'
AMDEP_TRUE=''
AMTAR='$${TAR-tar}'
AM_BACKSLASH='\'
AM_DEFAULT_V='$(AM_DEFAULT_VERBOSITY)'
AM_DEFAULT_VERBOSITY='0'
AM_V='$(V)'
AR='ar'
AUTOCONF='${SHELL} /home/wyrda/xrdp-0.9.8/librfxcodec/missing autoconf'
AUTOHEADER='${SHELL} /home/wyrda/xrdp-0.9.8/librfxcodec/missing autoheader'
AUTOMAKE='${SHELL} /home/wyrda/xrdp-0.9.8/librfxcodec/missing automake-1.15'
AWK='mawk'
CC='gcc'
CCDEPMODE='depmode=gcc3'
CFLAGS='-g -O2 -Wall -Wwrite-strings'
CPP='gcc -E'
CPPFLAGS=''
CYGPATH_W='echo'
DEFS='-DHAVE_CONFIG_H'
DEPDIR='.deps'
DLLTOOL='false'
DSYMUTIL=''
DUMPBIN=''
ECHO_C=''
ECHO_N='-n'
ECHO_T=''
EGREP='/bin/grep -E'
EXEEXT=''
FGREP='/bin/grep -F'
GREP='/bin/grep'
INSTALL_DATA='${INSTALL} -m 644'
INSTALL_PROGRAM='${INSTALL}'
INSTALL_SCRIPT='${INSTALL}'
INSTALL_STRIP_PROGRAM='$(install_sh) -c -s'
LD='/usr/bin/ld -m elf_x86_64'
LDFLAGS=''
LIBOBJS=''
LIBS=''
LIBTOOL='$(SHELL) $(top_builddir)/libtool'
LIPO=''
LN_S='ln -s'
LTLIBOBJS=''
LT_SYS_LIBRARY_PATH=''
MAKEINFO='${SHELL} /home/wyrda/xrdp-0.9.8/librfxcodec/missing makeinfo'
MANIFEST_TOOL=':'
MKDIR_P='/bin/mkdir -p'
NAFLAGS='-felf64 -DELF -D__x86_64__'
NASM='nasm'
NM='/usr/bin/nm -B'
NMEDIT=''
OBJDUMP='objdump'
OBJEXT='o'
OTOOL64=''
OTOOL=''
PACKAGE='rfxcodec'
PACKAGE_BUGREPORT='xrdp-devel@googlegroups.com'
PACKAGE_NAME='rfxcodec'
PACKAGE_STRING='rfxcodec 0.1.4'
PACKAGE_TARNAME='rfxcodec'
PACKAGE_URL=''
PACKAGE_VERSION='0.1.4'
PATH_SEPARATOR=':'
RANLIB='ranlib'
SED='/bin/sed'
SET_MAKE=''
SHELL='/bin/bash'
STRIP='strip'
VERSION='0.1.4'
WITH_SIMD_AMD64_FALSE='#'
WITH_SIMD_AMD64_TRUE=''
WITH_SIMD_X86_FALSE=''
WITH_SIMD_X86_TRUE='#'
ac_ct_AR='ar'
ac_ct_CC='gcc'
ac_ct_DUMPBIN=''
am__EXEEXT_FALSE=''
am__EXEEXT_TRUE='#'
am__fastdepCC_FALSE='#'
am__fastdepCC_TRUE=''
am__include='include'
am__isrc=''
am__leading_dot='.'
am__nodep='_no'
am__quote=''
am__tar='$${TAR-tar} chof - "$$tardir"'
am__untar='$${TAR-tar} xf -'
bindir='${exec_prefix}/bin'
build='x86_64-pc-linux-gnu'
build_alias=''
build_cpu='x86_64'
build_os='linux-gnu'
build_vendor='pc'
datadir='${datarootdir}'
datarootdir='${prefix}/share'
docdir='${datarootdir}/doc/${PACKAGE_TARNAME}'
dvidir='${docdir}'
exec_prefix='${prefix}'
host='x86_64-pc-linux-gnu'
host_alias=''
host_cpu='x86_64'
host_os='linux-gnu'
host_vendor='pc'
htmldir='${docdir}'
includedir='${prefix}/include'
infodir='${datarootdir}/info'
install_sh='${SHELL} /home/wyrda/xrdp-0.9.8/librfxcodec/install-sh'
libdir='${exec_prefix}/lib'
libexecdir='${exec_prefix}/libexec'
localedir='${datarootdir}/locale'
localstatedir='${prefix}/var'
mandir='${datarootdir}/man'
mkdir_p='$(MKDIR_P)'
oldincludedir='/usr/include'
pdfdir='${docdir}'
pkgconfigdir='${libdir}/pkgconfig'
prefix='/usr/local'
program_transform_name='s,x,x,'
psdir='${docdir}'
runstatedir='${localstatedir}/run'
sbindir='${exec_prefix}/sbin'
sharedstatedir='${prefix}/com'
sysconfdir='${prefix}/etc'
target_alias=''

## ----------- ##
## confdefs.h. ##
## ----------- ##

/* confdefs.h */
#define PACKAGE_NAME "rfxcodec"
#define PACKAGE_TARNAME "rfxcodec"
#define PACKAGE_VERSION "0.1.4"
#define PACKAGE_STRING "rfxcodec 0.1.4"
#define PACKAGE_BUGREPORT "xrdp-devel@googlegroups.com"
#define PACKAGE_URL ""
#define PACKAGE "rfxcodec"
#define VERSION "0.1.4"
#define STDC_HEADERS 1
#define HAVE_SYS_TYPES_H 1
#define HAVE_SYS_STAT_H 1
#define HAVE_STDLIB_H 1
#define HAVE_STRING_H 1
#define HAVE_MEMORY_H 1
#define HAVE_STRINGS_H 1
#define HAVE_INTTYPES_H 1
#define HAVE_STDINT_H 1
#define HAVE_UNISTD_H 1
#define HAVE_DLFCN_H 1
#define LT_OBJDIR ".libs/"
#define RFX_USE_ACCEL_AMD64 1

configure: exit 0
