This file contains any messages produced by compilers while
running configure, to aid debugging if configure makes a mistake.

It was created by libpainter configure 0.1.1, which was
generated by GNU Autoconf 2.69.  Invocation command line was

  $ ./configure --disable-option-checking --prefix=/usr/local --enable-jpeg --enable-fuse --enable-pixman --cache-file=/dev/null --srcdir=.

## --------- ##
## Platform. ##
## --------- ##

hostname = vstream
uname -m = x86_64
uname -r = 4.9.0-8-amd64
uname -s = Linux
uname -v = #1 SMP Debian 4.9.110-3+deb9u4 (2018-08-21)

/usr/bin/uname -p = unknown
/bin/uname -X     = unknown

/bin/arch              = unknown
/usr/bin/arch -k       = unknown
/usr/convex/getsysinfo = unknown
/usr/bin/hostinfo      = unknown
/bin/machine           = unknown
/usr/bin/oslevel       = unknown
/bin/universe          = unknown

PATH: /usr/local/bin
PATH: /usr/bin
PATH: /bin
PATH: /usr/local/games
PATH: /usr/games


## ----------- ##
## Core tests. ##
## ----------- ##

configure:2188: checking for a BSD-compatible install
configure:2256: result: /usr/bin/install -c
configure:2267: checking whether build environment is sane
configure:2322: result: yes
configure:2473: checking for a thread-safe mkdir -p
configure:2512: result: /bin/mkdir -p
configure:2519: checking for gawk
configure:2549: result: no
configure:2519: checking for mawk
configure:2535: found /usr/bin/mawk
configure:2546: result: mawk
configure:2557: checking whether make sets $(MAKE)
configure:2579: result: yes
configure:2608: checking whether make supports nested variables
configure:2625: result: yes
configure:2800: checking for gcc
configure:2816: found /usr/bin/gcc
configure:2827: result: gcc
configure:3056: checking for C compiler version
configure:3065: gcc --version >&5
gcc (Debian 6.3.0-18+deb9u1) 6.3.0 20170516
Copyright (C) 2016 Free Software Foundation, Inc.
This is free software; see the source for copying conditions.  There is NO
warranty; not even for MERCHANTABILITY or FITNESS FOR A PARTICULAR PURPOSE.

configure:3076: $? = 0
configure:3065: gcc -v >&5
Using built-in specs.
COLLECT_GCC=gcc
COLLECT_LTO_WRAPPER=/usr/lib/gcc/x86_64-linux-gnu/6/lto-wrapper
Target: x86_64-linux-gnu
Configured with: ../src/configure -v --with-pkgversion='Debian 6.3.0-18+deb9u1' --with-bugurl=file:///usr/share/doc/gcc-6/README.Bugs --enable-languages=c,ada,c++,java,go,d,fortran,objc,obj-c++ --prefix=/usr --program-suffix=-6 --program-prefix=x86_64-linux-gnu- --enable-shared --enable-linker-build-id --libexecdir=/usr/lib --without-included-gettext --enable-threads=posix --libdir=/usr/lib --enable-nls --with-sysroot=/ --enable-clocale=gnu --enable-libstdcxx-debug --enable-libstdcxx-time=yes --with-default-libstdcxx-abi=new --enable-gnu-unique-object --disable-vtable-verify --enable-libmpx --enable-plugin --enable-default-pie --with-system-zlib --disable-browser-plugin --enable-java-awt=gtk --enable-gtk-cairo --with-java-home=/usr/lib/jvm/java-1.5.0-gcj-6-amd64/jre --enable-java-home --with-jvm-root-dir=/usr/lib/jvm/java-1.5.0-gcj-6-amd64 --with-jvm-jar-dir=/usr/lib/jvm-exports/java-1.5.0-gcj-6-amd64 --with-arch-directory=amd64 --with-ecj-jar=/usr/share/java/eclipse-ecj.jar --with-target-system-zlib --enable-objc-gc=auto --enable-multiarch --with-arch-32=i686 --with-abi=m64 --with-multilib-list=m32,m64,mx32 --enable-multilib --with-tune=generic --enable-checking=release --build=x86_64-linux-gnu --host=x86_64-linux-gnu --target=x86_64-linux-gnu
Thread model: posix
gcc version 6.3.0 20170516 (Debian 6.3.0-18+deb9u1) 
configure:3076: $? = 0
configure:3065: gcc -V >&5
gcc: error: unrecognized command line option '-V'
gcc: fatal error: no input files
compilation terminated.
configure:3076: $? = 1
configure:3065: gcc -qversion >&5
gcc: error: unrecognized command line option '-qversion'; did you mean '--version'?
gcc: fatal error: no input files
compilation terminated.
configure:3076: $? = 1
configure:3096: checking whether the C compiler works
configure:3118: gcc    conftest.c  >&5
configure:3122: $? = 0
configure:3170: result: yes
configure:3173: checking for C compiler default output file name
configure:3175: result: a.out
configure:3181: checking for suffix of executables
configure:3188: gcc -o conftest    conftest.c  >&5
configure:3192: $? = 0
configure:3214: result: 
configure:3236: checking whether we are cross compiling
configure:3244: gcc -o conftest    conftest.c  >&5
configure:3248: $? = 0
configure:3255: ./conftest
configure:3259: $? = 0
configure:3274: result: no
configure:3279: checking for suffix of object files
configure:3301: gcc -c   conftest.c >&5
configure:3305: $? = 0
configure:3326: result: o
configure:3330: checking whether we are using the GNU C compiler
configure:3349: gcc -c   conftest.c >&5
configure:3349: $? = 0
configure:3358: result: yes
configure:3367: checking whether gcc accepts -g
configure:3387: gcc -c -g  conftest.c >&5
configure:3387: $? = 0
configure:3428: result: yes
configure:3445: checking for gcc option to accept ISO C89
configure:3508: gcc  -c -g -O2  conftest.c >&5
configure:3508: $? = 0
configure:3521: result: none needed
configure:3546: checking whether gcc understands -c and -o together
configure:3568: gcc -c conftest.c -o conftest2.o
configure:3571: $? = 0
configure:3568: gcc -c conftest.c -o conftest2.o
configure:3571: $? = 0
configure:3583: result: yes
configure:3611: checking for style of include used by make
configure:3639: result: GNU
configure:3665: checking dependency style of gcc
configure:3776: result: gcc3
configure:3792: checking for an ANSI C-conforming const
configure:3858: gcc -c -g -O2  conftest.c >&5
configure:3858: $? = 0
configure:3865: result: yes
configure:3902: checking build system type
configure:3916: result: x86_64-pc-linux-gnu
configure:3936: checking host system type
configure:3949: result: x86_64-pc-linux-gnu
configure:3990: checking how to print strings
configure:4017: result: printf
configure:4038: checking for a sed that does not truncate output
configure:4102: result: /bin/sed
configure:4120: checking for grep that handles long lines and -e
configure:4178: result: /bin/grep
configure:4183: checking for egrep
configure:4245: result: /bin/grep -E
configure:4250: checking for fgrep
configure:4312: result: /bin/grep -F
configure:4347: checking for ld used by gcc
configure:4414: result: /usr/bin/ld
configure:4421: checking if the linker (/usr/bin/ld) is GNU ld
configure:4436: result: yes
configure:4448: checking for BSD- or MS-compatible name lister (nm)
configure:4502: result: /usr/bin/nm -B
configure:4632: checking the name lister (/usr/bin/nm -B) interface
configure:4639: gcc -c -g -O2  conftest.c >&5
configure:4642: /usr/bin/nm -B "conftest.o"
configure:4645: output
0000000000000000 B some_variable
configure:4652: result: BSD nm
configure:4655: checking whether ln -s works
configure:4659: result: yes
configure:4667: checking the maximum length of command line arguments
configure:4798: result: 1572864
configure:4846: checking how to convert x86_64-pc-linux-gnu file names to x86_64-pc-linux-gnu format
configure:4886: result: func_convert_file_noop
configure:4893: checking how to convert x86_64-pc-linux-gnu file names to toolchain format
configure:4913: result: func_convert_file_noop
configure:4920: checking for /usr/bin/ld option to reload object files
configure:4927: result: -r
configure:5001: checking for objdump
configure:5017: found /usr/bin/objdump
configure:5028: result: objdump
configure:5060: checking how to recognize dependent libraries
configure:5260: result: pass_all
configure:5345: checking for dlltool
configure:5375: result: no
configure:5405: checking how to associate runtime and link libraries
configure:5432: result: printf %s\n
configure:5492: checking for ar
configure:5508: found /usr/bin/ar
configure:5519: result: ar
configure:5556: checking for archiver @FILE support
configure:5573: gcc -c -g -O2  conftest.c >&5
configure:5573: $? = 0
configure:5576: ar cru libconftest.a @conftest.lst >&5
ar: `u' modifier ignored since `D' is the default (see `U')
configure:5579: $? = 0
configure:5584: ar cru libconftest.a @conftest.lst >&5
ar: `u' modifier ignored since `D' is the default (see `U')
ar: conftest.o: No such file or directory
configure:5587: $? = 1
configure:5599: result: @
configure:5657: checking for strip
configure:5673: found /usr/bin/strip
configure:5684: result: strip
configure:5756: checking for ranlib
configure:5772: found /usr/bin/ranlib
configure:5783: result: ranlib
configure:5885: checking command to parse /usr/bin/nm -B output from gcc object
configure:6038: gcc -c -g -O2  conftest.c >&5
configure:6041: $? = 0
configure:6045: /usr/bin/nm -B conftest.o \| sed -n -e 's/^.*[ ]\([ABCDGIRSTW][ABCDGIRSTW]*\)[ ][ ]*\([_A-Za-z][_A-Za-z0-9]*\)$/\1 \2 \2/p' | sed '/ __gnu_lto/d' \> conftest.nm
configure:6048: $? = 0
configure:6114: gcc -o conftest -g -O2   conftest.c conftstm.o >&5
configure:6117: $? = 0
configure:6155: result: ok
configure:6202: checking for sysroot
configure:6232: result: no
configure:6239: checking for a working dd
configure:6277: result: /bin/dd
configure:6281: checking how to truncate binary pipes
configure:6296: result: /bin/dd bs=4096 count=1
configure:6432: gcc -c -g -O2  conftest.c >&5
configure:6435: $? = 0
configure:6625: checking for mt
configure:6641: found /bin/mt
configure:6652: result: mt
configure:6675: checking if mt is a manifest tool
configure:6681: mt '-?'
configure:6689: result: no
configure:7366: checking how to run the C preprocessor
configure:7397: gcc -E  conftest.c
configure:7397: $? = 0
configure:7411: gcc -E  conftest.c
conftest.c:11:28: fatal error: ac_nonexistent.h: No such file or directory
 #include <ac_nonexistent.h>
                            ^
compilation terminated.
configure:7411: $? = 1
configure: failed program was:
| /* confdefs.h */
| #define PACKAGE_NAME "libpainter"
| #define PACKAGE_TARNAME "libpainter"
| #define PACKAGE_VERSION "0.1.1"
| #define PACKAGE_STRING "libpainter 0.1.1"
| #define PACKAGE_BUGREPORT "xrdp-devel@googlegroups.com"
| #define PACKAGE_URL ""
| #define PACKAGE "libpainter"
| #define VERSION "0.1.1"
| /* end confdefs.h.  */
| #include <ac_nonexistent.h>
configure:7436: result: gcc -E
configure:7456: gcc -E  conftest.c
configure:7456: $? = 0
configure:7470: gcc -E  conftest.c
conftest.c:11:28: fatal error: ac_nonexistent.h: No such file or directory
 #include <ac_nonexistent.h>
                            ^
compilation terminated.
configure:7470: $? = 1
configure: failed program was:
| /* confdefs.h */
| #define PACKAGE_NAME "libpainter"
| #define PACKAGE_TARNAME "libpainter"
| #define PACKAGE_VERSION "0.1.1"
| #define PACKAGE_STRING "libpainter 0.1.1"
| #define PACKAGE_BUGREPORT "xrdp-devel@googlegroups.com"
| #define PACKAGE_URL ""
| #define PACKAGE "libpainter"
| #define VERSION "0.1.1"
| /* end confdefs.h.  */
| #include <ac_nonexistent.h>
configure:7499: checking for ANSI C header files
configure:7519: gcc -c -g -O2  conftest.c >&5
configure:7519: $? = 0
configure:7592: gcc -o conftest -g -O2   conftest.c  >&5
configure:7592: $? = 0
configure:7592: ./conftest
configure:7592: $? = 0
configure:7603: result: yes
configure:7616: checking for sys/types.h
configure:7616: gcc -c -g -O2  conftest.c >&5
configure:7616: $? = 0
configure:7616: result: yes
configure:7616: checking for sys/stat.h
configure:7616: gcc -c -g -O2  conftest.c >&5
configure:7616: $? = 0
configure:7616: result: yes
configure:7616: checking for stdlib.h
configure:7616: gcc -c -g -O2  conftest.c >&5
configure:7616: $? = 0
configure:7616: result: yes
configure:7616: checking for string.h
configure:7616: gcc -c -g -O2  conftest.c >&5
configure:7616: $? = 0
configure:7616: result: yes
configure:7616: checking for memory.h
configure:7616: gcc -c -g -O2  conftest.c >&5
configure:7616: $? = 0
configure:7616: result: yes
configure:7616: checking for strings.h
configure:7616: gcc -c -g -O2  conftest.c >&5
configure:7616: $? = 0
configure:7616: result: yes
configure:7616: checking for inttypes.h
configure:7616: gcc -c -g -O2  conftest.c >&5
configure:7616: $? = 0
configure:7616: result: yes
configure:7616: checking for stdint.h
configure:7616: gcc -c -g -O2  conftest.c >&5
configure:7616: $? = 0
configure:7616: result: yes
configure:7616: checking for unistd.h
configure:7616: gcc -c -g -O2  conftest.c >&5
configure:7616: $? = 0
configure:7616: result: yes
configure:7630: checking for dlfcn.h
configure:7630: gcc -c -g -O2  conftest.c >&5
configure:7630: $? = 0
configure:7630: result: yes
configure:7886: checking for objdir
configure:7901: result: .libs
configure:8165: checking if gcc supports -fno-rtti -fno-exceptions
configure:8183: gcc -c -g -O2  -fno-rtti -fno-exceptions conftest.c >&5
cc1: warning: command line option '-fno-rtti' is valid for C++/ObjC++ but not for C
configure:8187: $? = 0
configure:8200: result: no
configure:8558: checking for gcc option to produce PIC
configure:8565: result: -fPIC -DPIC
configure:8573: checking if gcc PIC flag -fPIC -DPIC works
configure:8591: gcc -c -g -O2  -fPIC -DPIC -DPIC conftest.c >&5
configure:8595: $? = 0
configure:8608: result: yes
configure:8637: checking if gcc static flag -static works
configure:8665: result: yes
configure:8680: checking if gcc supports -c -o file.o
configure:8701: gcc -c -g -O2  -o out/conftest2.o conftest.c >&5
configure:8705: $? = 0
configure:8727: result: yes
configure:8735: checking if gcc supports -c -o file.o
configure:8782: result: yes
configure:8815: checking whether the gcc linker (/usr/bin/ld -m elf_x86_64) supports shared libraries
configure:10078: result: yes
configure:10115: checking whether -lc should be explicitly linked in
configure:10123: gcc -c -g -O2  conftest.c >&5
configure:10126: $? = 0
configure:10141: gcc -shared  -fPIC -DPIC conftest.o  -v -Wl,-soname -Wl,conftest -o conftest 2\>\&1 \| /bin/grep  -lc  \>/dev/null 2\>\&1
configure:10144: $? = 0
configure:10158: result: no
configure:10318: checking dynamic linker characteristics
configure:10899: gcc -o conftest -g -O2   -Wl,-rpath -Wl,/foo conftest.c  >&5
configure:10899: $? = 0
configure:11148: result: GNU/Linux ld.so
configure:11270: checking how to hardcode library paths into programs
configure:11295: result: immediate
configure:11843: checking whether stripping libraries is possible
configure:11848: result: yes
configure:11883: checking if libtool supports shared libraries
configure:11885: result: yes
configure:11888: checking whether to build shared libraries
configure:11913: result: yes
configure:11916: checking whether to build static libraries
configure:11920: result: yes
configure:11985: checking whether make supports nested variables
configure:12002: result: yes
configure:12020: checking CFLAGS for maximum warnings
configure:12040: gcc -c -g -O2 -warn all  -warn all  conftest.c >&5
gcc: error: all: No such file or directory
gcc: error: all: No such file or directory
gcc: error: unrecognized command line option '-warn'; did you mean '--warn-'?
gcc: error: unrecognized command line option '-warn'; did you mean '--warn-'?
configure:12040: $? = 1
configure: failed program was:
| /* confdefs.h */
| #define PACKAGE_NAME "libpainter"
| #define PACKAGE_TARNAME "libpainter"
| #define PACKAGE_VERSION "0.1.1"
| #define PACKAGE_STRING "libpainter 0.1.1"
| #define PACKAGE_BUGREPORT "xrdp-devel@googlegroups.com"
| #define PACKAGE_URL ""
| #define PACKAGE "libpainter"
| #define VERSION "0.1.1"
| #define STDC_HEADERS 1
| #define HAVE_SYS_TYPES_H 1
| #define HAVE_SYS_STAT_H 1
| #define HAVE_STDLIB_H 1
| #define HAVE_STRING_H 1
| #define HAVE_MEMORY_H 1
| #define HAVE_STRINGS_H 1
| #define HAVE_INTTYPES_H 1
| #define HAVE_STDINT_H 1
| #define HAVE_UNISTD_H 1
| #define HAVE_DLFCN_H 1
| #define LT_OBJDIR ".libs/"
| /* end confdefs.h.  */
| 
| int
| main ()
| {
| 
|   ;
|   return 0;
| }
configure:12040: gcc -c -g -O2 -pedantic  -Wall  conftest.c >&5
configure:12040: $? = 0
configure:12048: result: -Wall
configure:12068: : CFLAGS="$CFLAGS"
configure:12071: $? = 0
configure:12102: checking whether C compiler accepts -Wwrite-strings
configure:12121: gcc -c -g -O2 -Wall  -Wwrite-strings  conftest.c >&5
configure:12121: $? = 0
configure:12130: result: yes
configure:12146: : CFLAGS="$CFLAGS"
configure:12149: $? = 0
configure:12300: checking that generated files are newer than configure
configure:12306: result: done
configure:12333: creating ./config.status

## ---------------------- ##
## Running config.status. ##
## ---------------------- ##

This file was extended by libpainter config.status 0.1.1, which was
generated by GNU Autoconf 2.69.  Invocation command line was

  CONFIG_FILES    = 
  CONFIG_HEADERS  = 
  CONFIG_LINKS    = 
  CONFIG_COMMANDS = 
  $ ./config.status 

on vstream

config.status:1093: creating Makefile
config.status:1093: creating include/Makefile
config.status:1093: creating pkgconfig/libpainter.pc
config.status:1093: creating pkgconfig/libpainter-uninstalled.pc
config.status:1093: creating pkgconfig/Makefile
config.status:1093: creating src/Makefile
config.status:1093: creating tests/Makefile
config.status:1093: creating config_ac.h
config.status:1274: config_ac.h is unchanged
config.status:1322: executing depfiles commands
config.status:1322: executing libtool commands

## ---------------- ##
## Cache variables. ##
## ---------------- ##

ac_cv_build=x86_64-pc-linux-gnu
ac_cv_c_compiler_gnu=yes
ac_cv_c_const=yes
ac_cv_cflags_warn_all=-Wall
ac_cv_env_CC_set=
ac_cv_env_CC_value=
ac_cv_env_CFLAGS_set=
ac_cv_env_CFLAGS_value=
ac_cv_env_CPPFLAGS_set=
ac_cv_env_CPPFLAGS_value=
ac_cv_env_CPP_set=
ac_cv_env_CPP_value=
ac_cv_env_LDFLAGS_set=
ac_cv_env_LDFLAGS_value=
ac_cv_env_LIBS_set=
ac_cv_env_LIBS_value=
ac_cv_env_LT_SYS_LIBRARY_PATH_set=
ac_cv_env_LT_SYS_LIBRARY_PATH_value=
ac_cv_env_build_alias_set=
ac_cv_env_build_alias_value=
ac_cv_env_host_alias_set=
ac_cv_env_host_alias_value=
ac_cv_env_target_alias_set=
ac_cv_env_target_alias_value=
ac_cv_header_dlfcn_h=yes
ac_cv_header_inttypes_h=yes
ac_cv_header_memory_h=yes
ac_cv_header_stdc=yes
ac_cv_header_stdint_h=yes
ac_cv_header_stdlib_h=yes
ac_cv_header_string_h=yes
ac_cv_header_strings_h=yes
ac_cv_header_sys_stat_h=yes
ac_cv_header_sys_types_h=yes
ac_cv_header_unistd_h=yes
ac_cv_host=x86_64-pc-linux-gnu
ac_cv_objext=o
ac_cv_path_EGREP='/bin/grep -E'
ac_cv_path_FGREP='/bin/grep -F'
ac_cv_path_GREP=/bin/grep
ac_cv_path_SED=/bin/sed
ac_cv_path_install='/usr/bin/install -c'
ac_cv_path_lt_DD=/bin/dd
ac_cv_path_mkdir=/bin/mkdir
ac_cv_prog_AWK=mawk
ac_cv_prog_CPP='gcc -E'
ac_cv_prog_ac_ct_AR=ar
ac_cv_prog_ac_ct_CC=gcc
ac_cv_prog_ac_ct_MANIFEST_TOOL=mt
ac_cv_prog_ac_ct_OBJDUMP=objdump
ac_cv_prog_ac_ct_RANLIB=ranlib
ac_cv_prog_ac_ct_STRIP=strip
ac_cv_prog_cc_c89=
ac_cv_prog_cc_g=yes
ac_cv_prog_make_make_set=yes
am_cv_CC_dependencies_compiler_type=gcc3
am_cv_make_support_nested_variables=yes
am_cv_prog_cc_c_o=yes
ax_cv_check_cflags___Wwrite_strings=yes
lt_cv_ar_at_file=@
lt_cv_archive_cmds_need_lc=no
lt_cv_deplibs_check_method=pass_all
lt_cv_file_magic_cmd='$MAGIC_CMD'
lt_cv_file_magic_test_file=
lt_cv_ld_reload_flag=-r
lt_cv_nm_interface='BSD nm'
lt_cv_objdir=.libs
lt_cv_path_LD=/usr/bin/ld
lt_cv_path_NM='/usr/bin/nm -B'
lt_cv_path_mainfest_tool=no
lt_cv_prog_compiler_c_o=yes
lt_cv_prog_compiler_pic='-fPIC -DPIC'
lt_cv_prog_compiler_pic_works=yes
lt_cv_prog_compiler_rtti_exceptions=no
lt_cv_prog_compiler_static_works=yes
lt_cv_prog_gnu_ld=yes
lt_cv_sharedlib_from_linklib_cmd='printf %s\n'
lt_cv_shlibpath_overrides_runpath=yes
lt_cv_sys_global_symbol_pipe='sed -n -e '\''s/^.*[	 ]\([ABCDGIRSTW][ABCDGIRSTW]*\)[	 ][	 ]*\([_A-Za-z][_A-Za-z0-9]*\)$/\1 \2 \2/p'\'' | sed '\''/ __gnu_lto/d'\'''
lt_cv_sys_global_symbol_to_c_name_address='sed -n -e '\''s/^: \(.*\) .*$/  {"\1", (void *) 0},/p'\'' -e '\''s/^[ABCDGIRSTW][ABCDGIRSTW]* .* \(.*\)$/  {"\1", (void *) \&\1},/p'\'''
lt_cv_sys_global_symbol_to_c_name_address_lib_prefix='sed -n -e '\''s/^: \(.*\) .*$/  {"\1", (void *) 0},/p'\'' -e '\''s/^[ABCDGIRSTW][ABCDGIRSTW]* .* \(lib.*\)$/  {"\1", (void *) \&\1},/p'\'' -e '\''s/^[ABCDGIRSTW][ABCDGIRSTW]* .* \(.*\)$/  {"lib\1", (void *) \&\1},/p'\'''
lt_cv_sys_global_symbol_to_cdecl='sed -n -e '\''s/^T .* \(.*\)$/extern int \1();/p'\'' -e '\''s/^[ABCDGIRSTW][ABCDGIRSTW]* .* \(.*\)$/extern char \1;/p'\'''
lt_cv_sys_global_symbol_to_import=
lt_cv_sys_max_cmd_len=1572864
lt_cv_to_host_file_cmd=func_convert_file_noop
lt_cv_to_tool_file_cmd=func_convert_file_noop
lt_cv_truncate_bin='/bin/dd bs=4096 count=1'

## ----------------- ##
## Output variables. ##
## ----------------- ##

ACLOCAL='${SHELL} /home/wyrda/xrdp-0.9.8/libpainter/missing aclocal-1.15'
AMDEPBACKSLASH='\'
AMDEP_FALSE='#'
AMDEP_TRUE=''
AMTAR='$${TAR-tar}'
AM_BACKSLASH='\'
AM_DEFAULT_V='$(AM_DEFAULT_VERBOSITY)'
AM_DEFAULT_VERBOSITY='0'
AM_V='$(V)'
AR='ar'
AUTOCONF='${SHELL} /home/wyrda/xrdp-0.9.8/libpainter/missing autoconf'
AUTOHEADER='${SHELL} /home/wyrda/xrdp-0.9.8/libpainter/missing autoheader'
AUTOMAKE='${SHELL} /home/wyrda/xrdp-0.9.8/libpainter/missing automake-1.15'
AWK='mawk'
CC='gcc'
CCDEPMODE='depmode=gcc3'
CFLAGS='-g -O2 -Wall -Wwrite-strings'
CPP='gcc -E'
CPPFLAGS=''
CYGPATH_W='echo'
DEFS='-DHAVE_CONFIG_H'
DEPDIR='.deps'
DLLTOOL='false'
DSYMUTIL=''
DUMPBIN=''
ECHO_C=''
ECHO_N='-n'
ECHO_T=''
EGREP='/bin/grep -E'
EXEEXT=''
FGREP='/bin/grep -F'
GREP='/bin/grep'
INSTALL_DATA='${INSTALL} -m 644'
INSTALL_PROGRAM='${INSTALL}'
INSTALL_SCRIPT='${INSTALL}'
INSTALL_STRIP_PROGRAM='$(install_sh) -c -s'
LD='/usr/bin/ld -m elf_x86_64'
LDFLAGS=''
LIBOBJS=''
LIBS=''
LIBTOOL='$(SHELL) $(top_builddir)/libtool'
LIPO=''
LN_S='ln -s'
LTLIBOBJS=''
LT_SYS_LIBRARY_PATH=''
MAKEINFO='${SHELL} /home/wyrda/xrdp-0.9.8/libpainter/missing makeinfo'
MANIFEST_TOOL=':'
MKDIR_P='/bin/mkdir -p'
NM='/usr/bin/nm -B'
NMEDIT=''
OBJDUMP='objdump'
OBJEXT='o'
OTOOL64=''
OTOOL=''
PACKAGE='libpainter'
PACKAGE_BUGREPORT='xrdp-devel@googlegroups.com'
PACKAGE_NAME='libpainter'
PACKAGE_STRING='libpainter 0.1.1'
PACKAGE_TARNAME='libpainter'
PACKAGE_URL=''
PACKAGE_VERSION='0.1.1'
PATH_SEPARATOR=':'
PT_TESTS_FALSE=''
PT_TESTS_TRUE='#'
RANLIB='ranlib'
SED='/bin/sed'
SET_MAKE=''
SHELL='/bin/bash'
STRIP='strip'
VERSION='0.1.1'
ac_ct_AR='ar'
ac_ct_CC='gcc'
ac_ct_DUMPBIN=''
am__EXEEXT_FALSE=''
am__EXEEXT_TRUE='#'
am__fastdepCC_FALSE='#'
am__fastdepCC_TRUE=''
am__include='include'
am__isrc=''
am__leading_dot='.'
am__nodep='_no'
am__quote=''
am__tar='$${TAR-tar} chof - "$$tardir"'
am__untar='$${TAR-tar} xf -'
bindir='${exec_prefix}/bin'
build='x86_64-pc-linux-gnu'
build_alias=''
build_cpu='x86_64'
build_os='linux-gnu'
build_vendor='pc'
datadir='${datarootdir}'
datarootdir='${prefix}/share'
docdir='${datarootdir}/doc/${PACKAGE_TARNAME}'
dvidir='${docdir}'
exec_prefix='${prefix}'
host='x86_64-pc-linux-gnu'
host_alias=''
host_cpu='x86_64'
host_os='linux-gnu'
host_vendor='pc'
htmldir='${docdir}'
includedir='${prefix}/include'
infodir='${datarootdir}/info'
install_sh='${SHELL} /home/wyrda/xrdp-0.9.8/libpainter/install-sh'
libdir='${exec_prefix}/lib'
libexecdir='${exec_prefix}/libexec'
localedir='${datarootdir}/locale'
localstatedir='${prefix}/var'
mandir='${datarootdir}/man'
mkdir_p='$(MKDIR_P)'
oldincludedir='/usr/include'
pdfdir='${docdir}'
pkgconfigdir='${libdir}/pkgconfig'
prefix='/usr/local'
program_transform_name='s,x,x,'
psdir='${docdir}'
runstatedir='${localstatedir}/run'
sbindir='${exec_prefix}/sbin'
sharedstatedir='${prefix}/com'
sysconfdir='${prefix}/etc'
target_alias=''

## ----------- ##
## confdefs.h. ##
## ----------- ##

/* confdefs.h */
#define PACKAGE_NAME "libpainter"
#define PACKAGE_TARNAME "libpainter"
#define PACKAGE_VERSION "0.1.1"
#define PACKAGE_STRING "libpainter 0.1.1"
#define PACKAGE_BUGREPORT "xrdp-devel@googlegroups.com"
#define PACKAGE_URL ""
#define PACKAGE "libpainter"
#define VERSION "0.1.1"
#define STDC_HEADERS 1
#define HAVE_SYS_TYPES_H 1
#define HAVE_SYS_STAT_H 1
#define HAVE_STDLIB_H 1
#define HAVE_STRING_H 1
#define HAVE_MEMORY_H 1
#define HAVE_STRINGS_H 1
#define HAVE_INTTYPES_H 1
#define HAVE_STDINT_H 1
#define HAVE_UNISTD_H 1
#define HAVE_DLFCN_H 1
#define LT_OBJDIR ".libs/"

configure: exit 0
