This file contains any messages produced by compilers while
running configure, to aid debugging if configure makes a mistake.

It was created by xrdp configure 0.9.8, which was
generated by GNU Autoconf 2.69.  Invocation command line was

  $ ./configure --enable-jpeg --enable-fuse --enable-pixman

## --------- ##
## Platform. ##
## --------- ##

hostname = vstream
uname -m = x86_64
uname -r = 4.9.0-8-amd64
uname -s = Linux
uname -v = #1 SMP Debian 4.9.110-3+deb9u4 (2018-08-21)

/usr/bin/uname -p = unknown
/bin/uname -X     = unknown

/bin/arch              = unknown
/usr/bin/arch -k       = unknown
/usr/convex/getsysinfo = unknown
/usr/bin/hostinfo      = unknown
/bin/machine           = unknown
/usr/bin/oslevel       = unknown
/bin/universe          = unknown

PATH: /usr/local/bin
PATH: /usr/bin
PATH: /bin
PATH: /usr/local/games
PATH: /usr/games


## ----------- ##
## Core tests. ##
## ----------- ##

configure:2442: checking for a BSD-compatible install
configure:2510: result: /usr/bin/install -c
configure:2521: checking whether build environment is sane
configure:2576: result: yes
configure:2727: checking for a thread-safe mkdir -p
configure:2766: result: /bin/mkdir -p
configure:2773: checking for gawk
configure:2803: result: no
configure:2773: checking for mawk
configure:2789: found /usr/bin/mawk
configure:2800: result: mawk
configure:2811: checking whether make sets $(MAKE)
configure:2833: result: yes
configure:2862: checking whether make supports nested variables
configure:2879: result: yes
configure:3054: checking for gcc
configure:3070: found /usr/bin/gcc
configure:3081: result: gcc
configure:3310: checking for C compiler version
configure:3319: gcc --version >&5
gcc (Debian 6.3.0-18+deb9u1) 6.3.0 20170516
Copyright (C) 2016 Free Software Foundation, Inc.
This is free software; see the source for copying conditions.  There is NO
warranty; not even for MERCHANTABILITY or FITNESS FOR A PARTICULAR PURPOSE.

configure:3330: $? = 0
configure:3319: gcc -v >&5
Using built-in specs.
COLLECT_GCC=gcc
COLLECT_LTO_WRAPPER=/usr/lib/gcc/x86_64-linux-gnu/6/lto-wrapper
Target: x86_64-linux-gnu
Configured with: ../src/configure -v --with-pkgversion='Debian 6.3.0-18+deb9u1' --with-bugurl=file:///usr/share/doc/gcc-6/README.Bugs --enable-languages=c,ada,c++,java,go,d,fortran,objc,obj-c++ --prefix=/usr --program-suffix=-6 --program-prefix=x86_64-linux-gnu- --enable-shared --enable-linker-build-id --libexecdir=/usr/lib --without-included-gettext --enable-threads=posix --libdir=/usr/lib --enable-nls --with-sysroot=/ --enable-clocale=gnu --enable-libstdcxx-debug --enable-libstdcxx-time=yes --with-default-libstdcxx-abi=new --enable-gnu-unique-object --disable-vtable-verify --enable-libmpx --enable-plugin --enable-default-pie --with-system-zlib --disable-browser-plugin --enable-java-awt=gtk --enable-gtk-cairo --with-java-home=/usr/lib/jvm/java-1.5.0-gcj-6-amd64/jre --enable-java-home --with-jvm-root-dir=/usr/lib/jvm/java-1.5.0-gcj-6-amd64 --with-jvm-jar-dir=/usr/lib/jvm-exports/java-1.5.0-gcj-6-amd64 --with-arch-directory=amd64 --with-ecj-jar=/usr/share/java/eclipse-ecj.jar --with-target-system-zlib --enable-objc-gc=auto --enable-multiarch --with-arch-32=i686 --with-abi=m64 --with-multilib-list=m32,m64,mx32 --enable-multilib --with-tune=generic --enable-checking=release --build=x86_64-linux-gnu --host=x86_64-linux-gnu --target=x86_64-linux-gnu
Thread model: posix
gcc version 6.3.0 20170516 (Debian 6.3.0-18+deb9u1) 
configure:3330: $? = 0
configure:3319: gcc -V >&5
gcc: error: unrecognized command line option '-V'
gcc: fatal error: no input files
compilation terminated.
configure:3330: $? = 1
configure:3319: gcc -qversion >&5
gcc: error: unrecognized command line option '-qversion'; did you mean '--version'?
gcc: fatal error: no input files
compilation terminated.
configure:3330: $? = 1
configure:3350: checking whether the C compiler works
configure:3372: gcc    conftest.c  >&5
configure:3376: $? = 0
configure:3424: result: yes
configure:3427: checking for C compiler default output file name
configure:3429: result: a.out
configure:3435: checking for suffix of executables
configure:3442: gcc -o conftest    conftest.c  >&5
configure:3446: $? = 0
configure:3468: result: 
configure:3490: checking whether we are cross compiling
configure:3498: gcc -o conftest    conftest.c  >&5
configure:3502: $? = 0
configure:3509: ./conftest
configure:3513: $? = 0
configure:3528: result: no
configure:3533: checking for suffix of object files
configure:3555: gcc -c   conftest.c >&5
configure:3559: $? = 0
configure:3580: result: o
configure:3584: checking whether we are using the GNU C compiler
configure:3603: gcc -c   conftest.c >&5
configure:3603: $? = 0
configure:3612: result: yes
configure:3621: checking whether gcc accepts -g
configure:3641: gcc -c -g  conftest.c >&5
configure:3641: $? = 0
configure:3682: result: yes
configure:3699: checking for gcc option to accept ISO C89
configure:3762: gcc  -c -g -O2  conftest.c >&5
configure:3762: $? = 0
configure:3775: result: none needed
configure:3800: checking whether gcc understands -c and -o together
configure:3822: gcc -c conftest.c -o conftest2.o
configure:3825: $? = 0
configure:3822: gcc -c conftest.c -o conftest2.o
configure:3825: $? = 0
configure:3837: result: yes
configure:3865: checking for style of include used by make
configure:3893: result: GNU
configure:3919: checking dependency style of gcc
configure:4030: result: gcc3
configure:4046: checking for an ANSI C-conforming const
configure:4112: gcc -c -g -O2  conftest.c >&5
configure:4112: $? = 0
configure:4119: result: yes
configure:4156: checking build system type
configure:4170: result: x86_64-pc-linux-gnu
configure:4190: checking host system type
configure:4203: result: x86_64-pc-linux-gnu
configure:4244: checking how to print strings
configure:4271: result: printf
configure:4292: checking for a sed that does not truncate output
configure:4356: result: /bin/sed
configure:4374: checking for grep that handles long lines and -e
configure:4432: result: /bin/grep
configure:4437: checking for egrep
configure:4499: result: /bin/grep -E
configure:4504: checking for fgrep
configure:4566: result: /bin/grep -F
configure:4601: checking for ld used by gcc
configure:4668: result: /usr/bin/ld
configure:4675: checking if the linker (/usr/bin/ld) is GNU ld
configure:4690: result: yes
configure:4702: checking for BSD- or MS-compatible name lister (nm)
configure:4756: result: /usr/bin/nm -B
configure:4886: checking the name lister (/usr/bin/nm -B) interface
configure:4893: gcc -c -g -O2  conftest.c >&5
configure:4896: /usr/bin/nm -B "conftest.o"
configure:4899: output
0000000000000000 B some_variable
configure:4906: result: BSD nm
configure:4909: checking whether ln -s works
configure:4913: result: yes
configure:4921: checking the maximum length of command line arguments
configure:5052: result: 1572864
configure:5100: checking how to convert x86_64-pc-linux-gnu file names to x86_64-pc-linux-gnu format
configure:5140: result: func_convert_file_noop
configure:5147: checking how to convert x86_64-pc-linux-gnu file names to toolchain format
configure:5167: result: func_convert_file_noop
configure:5174: checking for /usr/bin/ld option to reload object files
configure:5181: result: -r
configure:5255: checking for objdump
configure:5271: found /usr/bin/objdump
configure:5282: result: objdump
configure:5314: checking how to recognize dependent libraries
configure:5514: result: pass_all
configure:5599: checking for dlltool
configure:5629: result: no
configure:5659: checking how to associate runtime and link libraries
configure:5686: result: printf %s\n
configure:5746: checking for ar
configure:5762: found /usr/bin/ar
configure:5773: result: ar
configure:5810: checking for archiver @FILE support
configure:5827: gcc -c -g -O2  conftest.c >&5
configure:5827: $? = 0
configure:5830: ar cru libconftest.a @conftest.lst >&5
ar: `u' modifier ignored since `D' is the default (see `U')
configure:5833: $? = 0
configure:5838: ar cru libconftest.a @conftest.lst >&5
ar: `u' modifier ignored since `D' is the default (see `U')
ar: conftest.o: No such file or directory
configure:5841: $? = 1
configure:5853: result: @
configure:5911: checking for strip
configure:5927: found /usr/bin/strip
configure:5938: result: strip
configure:6010: checking for ranlib
configure:6026: found /usr/bin/ranlib
configure:6037: result: ranlib
configure:6139: checking command to parse /usr/bin/nm -B output from gcc object
configure:6292: gcc -c -g -O2  conftest.c >&5
configure:6295: $? = 0
configure:6299: /usr/bin/nm -B conftest.o \| sed -n -e 's/^.*[ ]\([ABCDGIRSTW][ABCDGIRSTW]*\)[ ][ ]*\([_A-Za-z][_A-Za-z0-9]*\)$/\1 \2 \2/p' | sed '/ __gnu_lto/d' \> conftest.nm
configure:6302: $? = 0
configure:6368: gcc -o conftest -g -O2   conftest.c conftstm.o >&5
configure:6371: $? = 0
configure:6409: result: ok
configure:6456: checking for sysroot
configure:6486: result: no
configure:6493: checking for a working dd
configure:6531: result: /bin/dd
configure:6535: checking how to truncate binary pipes
configure:6550: result: /bin/dd bs=4096 count=1
configure:6686: gcc -c -g -O2  conftest.c >&5
configure:6689: $? = 0
configure:6879: checking for mt
configure:6895: found /bin/mt
configure:6906: result: mt
configure:6929: checking if mt is a manifest tool
configure:6935: mt '-?'
configure:6943: result: no
configure:7620: checking how to run the C preprocessor
configure:7651: gcc -E  conftest.c
configure:7651: $? = 0
configure:7665: gcc -E  conftest.c
conftest.c:11:28: fatal error: ac_nonexistent.h: No such file or directory
 #include <ac_nonexistent.h>
                            ^
compilation terminated.
configure:7665: $? = 1
configure: failed program was:
| /* confdefs.h */
| #define PACKAGE_NAME "xrdp"
| #define PACKAGE_TARNAME "xrdp"
| #define PACKAGE_VERSION "0.9.8"
| #define PACKAGE_STRING "xrdp 0.9.8"
| #define PACKAGE_BUGREPORT "xrdp-devel@googlegroups.com"
| #define PACKAGE_URL ""
| #define PACKAGE "xrdp"
| #define VERSION "0.9.8"
| /* end confdefs.h.  */
| #include <ac_nonexistent.h>
configure:7690: result: gcc -E
configure:7710: gcc -E  conftest.c
configure:7710: $? = 0
configure:7724: gcc -E  conftest.c
conftest.c:11:28: fatal error: ac_nonexistent.h: No such file or directory
 #include <ac_nonexistent.h>
                            ^
compilation terminated.
configure:7724: $? = 1
configure: failed program was:
| /* confdefs.h */
| #define PACKAGE_NAME "xrdp"
| #define PACKAGE_TARNAME "xrdp"
| #define PACKAGE_VERSION "0.9.8"
| #define PACKAGE_STRING "xrdp 0.9.8"
| #define PACKAGE_BUGREPORT "xrdp-devel@googlegroups.com"
| #define PACKAGE_URL ""
| #define PACKAGE "xrdp"
| #define VERSION "0.9.8"
| /* end confdefs.h.  */
| #include <ac_nonexistent.h>
configure:7753: checking for ANSI C header files
configure:7773: gcc -c -g -O2  conftest.c >&5
configure:7773: $? = 0
configure:7846: gcc -o conftest -g -O2   conftest.c  >&5
configure:7846: $? = 0
configure:7846: ./conftest
configure:7846: $? = 0
configure:7857: result: yes
configure:7870: checking for sys/types.h
configure:7870: gcc -c -g -O2  conftest.c >&5
configure:7870: $? = 0
configure:7870: result: yes
configure:7870: checking for sys/stat.h
configure:7870: gcc -c -g -O2  conftest.c >&5
configure:7870: $? = 0
configure:7870: result: yes
configure:7870: checking for stdlib.h
configure:7870: gcc -c -g -O2  conftest.c >&5
configure:7870: $? = 0
configure:7870: result: yes
configure:7870: checking for string.h
configure:7870: gcc -c -g -O2  conftest.c >&5
configure:7870: $? = 0
configure:7870: result: yes
configure:7870: checking for memory.h
configure:7870: gcc -c -g -O2  conftest.c >&5
configure:7870: $? = 0
configure:7870: result: yes
configure:7870: checking for strings.h
configure:7870: gcc -c -g -O2  conftest.c >&5
configure:7870: $? = 0
configure:7870: result: yes
configure:7870: checking for inttypes.h
configure:7870: gcc -c -g -O2  conftest.c >&5
configure:7870: $? = 0
configure:7870: result: yes
configure:7870: checking for stdint.h
configure:7870: gcc -c -g -O2  conftest.c >&5
configure:7870: $? = 0
configure:7870: result: yes
configure:7870: checking for unistd.h
configure:7870: gcc -c -g -O2  conftest.c >&5
configure:7870: $? = 0
configure:7870: result: yes
configure:7884: checking for dlfcn.h
configure:7884: gcc -c -g -O2  conftest.c >&5
configure:7884: $? = 0
configure:7884: result: yes
configure:8140: checking for objdir
configure:8155: result: .libs
configure:8419: checking if gcc supports -fno-rtti -fno-exceptions
configure:8437: gcc -c -g -O2  -fno-rtti -fno-exceptions conftest.c >&5
cc1: warning: command line option '-fno-rtti' is valid for C++/ObjC++ but not for C
configure:8441: $? = 0
configure:8454: result: no
configure:8812: checking for gcc option to produce PIC
configure:8819: result: -fPIC -DPIC
configure:8827: checking if gcc PIC flag -fPIC -DPIC works
configure:8845: gcc -c -g -O2  -fPIC -DPIC -DPIC conftest.c >&5
configure:8849: $? = 0
configure:8862: result: yes
configure:8891: checking if gcc static flag -static works
configure:8919: result: yes
configure:8934: checking if gcc supports -c -o file.o
configure:8955: gcc -c -g -O2  -o out/conftest2.o conftest.c >&5
configure:8959: $? = 0
configure:8981: result: yes
configure:8989: checking if gcc supports -c -o file.o
configure:9036: result: yes
configure:9069: checking whether the gcc linker (/usr/bin/ld -m elf_x86_64) supports shared libraries
configure:10332: result: yes
configure:10369: checking whether -lc should be explicitly linked in
configure:10377: gcc -c -g -O2  conftest.c >&5
configure:10380: $? = 0
configure:10395: gcc -shared  -fPIC -DPIC conftest.o  -v -Wl,-soname -Wl,conftest -o conftest 2\>\&1 \| /bin/grep  -lc  \>/dev/null 2\>\&1
configure:10398: $? = 0
configure:10412: result: no
configure:10572: checking dynamic linker characteristics
configure:11153: gcc -o conftest -g -O2   -Wl,-rpath -Wl,/foo conftest.c  >&5
configure:11153: $? = 0
configure:11402: result: GNU/Linux ld.so
configure:11524: checking how to hardcode library paths into programs
configure:11549: result: immediate
configure:12097: checking whether stripping libraries is possible
configure:12102: result: yes
configure:12137: checking if libtool supports shared libraries
configure:12139: result: yes
configure:12142: checking whether to build shared libraries
configure:12167: result: yes
configure:12170: checking whether to build static libraries
configure:12174: result: yes
configure:12266: checking for pkg-config
configure:12284: found /usr/bin/pkg-config
configure:12296: result: /usr/bin/pkg-config
configure:12321: checking pkg-config is at least version 0.9.0
configure:12324: result: yes
configure:12353: checking whether make supports nested variables
configure:12370: result: yes
configure:12388: checking CFLAGS for maximum warnings
configure:12408: gcc -c -g -O2 -warn all  -warn all  conftest.c >&5
gcc: error: all: No such file or directory
gcc: error: all: No such file or directory
gcc: error: unrecognized command line option '-warn'; did you mean '--warn-'?
gcc: error: unrecognized command line option '-warn'; did you mean '--warn-'?
configure:12408: $? = 1
configure: failed program was:
| /* confdefs.h */
| #define PACKAGE_NAME "xrdp"
| #define PACKAGE_TARNAME "xrdp"
| #define PACKAGE_VERSION "0.9.8"
| #define PACKAGE_STRING "xrdp 0.9.8"
| #define PACKAGE_BUGREPORT "xrdp-devel@googlegroups.com"
| #define PACKAGE_URL ""
| #define PACKAGE "xrdp"
| #define VERSION "0.9.8"
| #define STDC_HEADERS 1
| #define HAVE_SYS_TYPES_H 1
| #define HAVE_SYS_STAT_H 1
| #define HAVE_STDLIB_H 1
| #define HAVE_STRING_H 1
| #define HAVE_MEMORY_H 1
| #define HAVE_STRINGS_H 1
| #define HAVE_INTTYPES_H 1
| #define HAVE_STDINT_H 1
| #define HAVE_UNISTD_H 1
| #define HAVE_DLFCN_H 1
| #define LT_OBJDIR ".libs/"
| /* end confdefs.h.  */
| 
| int
| main ()
| {
| 
|   ;
|   return 0;
| }
configure:12408: gcc -c -g -O2 -pedantic  -Wall  conftest.c >&5
configure:12408: $? = 0
configure:12416: result: -Wall
configure:12436: : CFLAGS="$CFLAGS"
configure:12439: $? = 0
configure:12470: checking whether C compiler accepts -Wwrite-strings
configure:12489: gcc -c -g -O2 -Wall  -Wwrite-strings  conftest.c >&5
configure:12489: $? = 0
configure:12498: result: yes
configure:12514: : CFLAGS="$CFLAGS"
configure:12517: $? = 0
configure:12542: checking for __attribute__((format))
configure:12563: gcc -o conftest -g -O2 -Wall -Wwrite-strings   conftest.c  >&5
configure:12563: $? = 0
configure:12576: result: yes
configure:12589: checking for socklen_t
configure:12607: gcc -c -g -O2 -Wall -Wwrite-strings  conftest.c >&5
configure:12607: $? = 0
configure:12615: result: yes
configure:13001: checking for dlopen
configure:13001: gcc -o conftest -g -O2 -Wall -Wwrite-strings   conftest.c  >&5
/tmp/ccwOX4zr.o: In function `main':
/home/wyrda/xrdp-0.9.8/conftest.c:58: undefined reference to `dlopen'
collect2: error: ld returned 1 exit status
configure:13001: $? = 1
configure: failed program was:
| /* confdefs.h */
| #define PACKAGE_NAME "xrdp"
| #define PACKAGE_TARNAME "xrdp"
| #define PACKAGE_VERSION "0.9.8"
| #define PACKAGE_STRING "xrdp 0.9.8"
| #define PACKAGE_BUGREPORT "xrdp-devel@googlegroups.com"
| #define PACKAGE_URL ""
| #define PACKAGE "xrdp"
| #define VERSION "0.9.8"
| #define STDC_HEADERS 1
| #define HAVE_SYS_TYPES_H 1
| #define HAVE_SYS_STAT_H 1
| #define HAVE_STDLIB_H 1
| #define HAVE_STRING_H 1
| #define HAVE_MEMORY_H 1
| #define HAVE_STRINGS_H 1
| #define HAVE_INTTYPES_H 1
| #define HAVE_STDINT_H 1
| #define HAVE_UNISTD_H 1
| #define HAVE_DLFCN_H 1
| #define LT_OBJDIR ".libs/"
| #define HAVE_FUNC_ATTRIBUTE_FORMAT 1
| /* end confdefs.h.  */
| /* Define dlopen to an innocuous variant, in case <limits.h> declares dlopen.
|    For example, HP-UX 11i <limits.h> declares gettimeofday.  */
| #define dlopen innocuous_dlopen
| 
| /* System header to define __stub macros and hopefully few prototypes,
|     which can conflict with char dlopen (); below.
|     Prefer <limits.h> to <assert.h> if __STDC__ is defined, since
|     <limits.h> exists even on freestanding compilers.  */
| 
| #ifdef __STDC__
| # include <limits.h>
| #else
| # include <assert.h>
| #endif
| 
| #undef dlopen
| 
| /* Override any GCC internal prototype to avoid an error.
|    Use char because int might match the return type of a GCC
|    builtin and then its argument prototype would still apply.  */
| #ifdef __cplusplus
| extern "C"
| #endif
| char dlopen ();
| /* The GNU C library defines this for functions which it implements
|     to always fail with ENOSYS.  Some functions are actually named
|     something starting with __ and the normal name is an alias.  */
| #if defined __stub_dlopen || defined __stub___dlopen
| choke me
| #endif
| 
| int
| main ()
| {
| return dlopen ();
|   ;
|   return 0;
| }
configure:13001: result: no
configure:13005: checking for dlopen in -ldl
configure:13030: gcc -o conftest -g -O2 -Wall -Wwrite-strings   conftest.c -ldl   >&5
configure:13030: $? = 0
configure:13039: result: yes
configure:13052: checking for OPENSSL
configure:13059: $PKG_CONFIG --exists --print-errors "openssl >= 0.9.8"
configure:13062: $? = 0
configure:13076: $PKG_CONFIG --exists --print-errors "openssl >= 0.9.8"
configure:13079: $? = 0
configure:13117: result: yes
configure:13128: checking for openssl
configure:13147: found /usr/bin/openssl
configure:13159: result: /usr/bin/openssl
configure:13176: checking security/_pam_types.h usability
configure:13176: gcc -c -g -O2 -Wall -Wwrite-strings  conftest.c >&5
configure:13176: $? = 0
configure:13176: result: yes
configure:13176: checking security/_pam_types.h presence
configure:13176: gcc -E  conftest.c
configure:13176: $? = 0
configure:13176: result: yes
configure:13176: checking for security/_pam_types.h
configure:13176: result: yes
configure:13184: checking security/pam_constants.h usability
configure:13184: gcc -c -g -O2 -Wall -Wwrite-strings  conftest.c >&5
conftest.c:58:36: fatal error: security/pam_constants.h: No such file or directory
 #include <security/pam_constants.h>
                                    ^
compilation terminated.
configure:13184: $? = 1
configure: failed program was:
| /* confdefs.h */
| #define PACKAGE_NAME "xrdp"
| #define PACKAGE_TARNAME "xrdp"
| #define PACKAGE_VERSION "0.9.8"
| #define PACKAGE_STRING "xrdp 0.9.8"
| #define PACKAGE_BUGREPORT "xrdp-devel@googlegroups.com"
| #define PACKAGE_URL ""
| #define PACKAGE "xrdp"
| #define VERSION "0.9.8"
| #define STDC_HEADERS 1
| #define HAVE_SYS_TYPES_H 1
| #define HAVE_SYS_STAT_H 1
| #define HAVE_STDLIB_H 1
| #define HAVE_STRING_H 1
| #define HAVE_MEMORY_H 1
| #define HAVE_STRINGS_H 1
| #define HAVE_INTTYPES_H 1
| #define HAVE_STDINT_H 1
| #define HAVE_UNISTD_H 1
| #define HAVE_DLFCN_H 1
| #define LT_OBJDIR ".libs/"
| #define HAVE_FUNC_ATTRIBUTE_FORMAT 1
| #define HAVE__PAM_TYPES_H 1
| /* end confdefs.h.  */
| #include <stdio.h>
| #ifdef HAVE_SYS_TYPES_H
| # include <sys/types.h>
| #endif
| #ifdef HAVE_SYS_STAT_H
| # include <sys/stat.h>
| #endif
| #ifdef STDC_HEADERS
| # include <stdlib.h>
| # include <stddef.h>
| #else
| # ifdef HAVE_STDLIB_H
| #  include <stdlib.h>
| # endif
| #endif
| #ifdef HAVE_STRING_H
| # if !defined STDC_HEADERS && defined HAVE_MEMORY_H
| #  include <memory.h>
| # endif
| # include <string.h>
| #endif
| #ifdef HAVE_STRINGS_H
| # include <strings.h>
| #endif
| #ifdef HAVE_INTTYPES_H
| # include <inttypes.h>
| #endif
| #ifdef HAVE_STDINT_H
| # include <stdint.h>
| #endif
| #ifdef HAVE_UNISTD_H
| # include <unistd.h>
| #endif
| #include <security/pam_constants.h>
configure:13184: result: no
configure:13184: checking security/pam_constants.h presence
configure:13184: gcc -E  conftest.c
conftest.c:25:36: fatal error: security/pam_constants.h: No such file or directory
 #include <security/pam_constants.h>
                                    ^
compilation terminated.
configure:13184: $? = 1
configure: failed program was:
| /* confdefs.h */
| #define PACKAGE_NAME "xrdp"
| #define PACKAGE_TARNAME "xrdp"
| #define PACKAGE_VERSION "0.9.8"
| #define PACKAGE_STRING "xrdp 0.9.8"
| #define PACKAGE_BUGREPORT "xrdp-devel@googlegroups.com"
| #define PACKAGE_URL ""
| #define PACKAGE "xrdp"
| #define VERSION "0.9.8"
| #define STDC_HEADERS 1
| #define HAVE_SYS_TYPES_H 1
| #define HAVE_SYS_STAT_H 1
| #define HAVE_STDLIB_H 1
| #define HAVE_STRING_H 1
| #define HAVE_MEMORY_H 1
| #define HAVE_STRINGS_H 1
| #define HAVE_INTTYPES_H 1
| #define HAVE_STDINT_H 1
| #define HAVE_UNISTD_H 1
| #define HAVE_DLFCN_H 1
| #define LT_OBJDIR ".libs/"
| #define HAVE_FUNC_ATTRIBUTE_FORMAT 1
| #define HAVE__PAM_TYPES_H 1
| /* end confdefs.h.  */
| #include <security/pam_constants.h>
configure:13184: result: no
configure:13184: checking for security/pam_constants.h
configure:13184: result: no
configure:13200: checking security/pam_appl.h usability
configure:13200: gcc -c -g -O2 -Wall -Wwrite-strings  conftest.c >&5
configure:13200: $? = 0
configure:13200: result: yes
configure:13200: checking security/pam_appl.h presence
configure:13200: gcc -E  conftest.c
configure:13200: $? = 0
configure:13200: result: yes
configure:13200: checking for security/pam_appl.h
configure:13200: result: yes
configure:13364: checking jpeglib.h usability
configure:13364: gcc -c -g -O2 -Wall -Wwrite-strings  conftest.c >&5
configure:13364: $? = 0
configure:13364: result: yes
configure:13364: checking jpeglib.h presence
configure:13364: gcc -E  conftest.c
configure:13364: $? = 0
configure:13364: result: yes
configure:13364: checking for jpeglib.h
configure:13364: result: yes
configure:13384: checking for FUSE
configure:13391: $PKG_CONFIG --exists --print-errors "fuse >= 2.6"
configure:13394: $? = 0
configure:13408: $PKG_CONFIG --exists --print-errors "fuse >= 2.6"
configure:13411: $? = 0
configure:13449: result: yes
configure:13560: checking for PIXMAN
configure:13567: $PKG_CONFIG --exists --print-errors "pixman-1 >= 0.1.0"
configure:13570: $? = 0
configure:13584: $PKG_CONFIG --exists --print-errors "pixman-1 >= 0.1.0"
configure:13587: $? = 0
configure:13645: result: yes
configure:13702: checking for X
configure:13841: gcc -o conftest -g -O2 -Wall -Wwrite-strings   conftest.c -lX11  >&5
configure:13841: $? = 0
configure:13891: result: libraries , headers 
configure:13990: gcc -o conftest -g -O2 -Wall -Wwrite-strings   conftest.c   -lX11 >&5
configure:13990: $? = 0
configure:14088: checking for gethostbyname
configure:14088: gcc -o conftest -g -O2 -Wall -Wwrite-strings   conftest.c  >&5
configure:14088: $? = 0
configure:14088: result: yes
configure:14185: checking for connect
configure:14185: gcc -o conftest -g -O2 -Wall -Wwrite-strings   conftest.c  >&5
configure:14185: $? = 0
configure:14185: result: yes
configure:14234: checking for remove
configure:14234: gcc -o conftest -g -O2 -Wall -Wwrite-strings   conftest.c  >&5
configure:14234: $? = 0
configure:14234: result: yes
configure:14283: checking for shmat
configure:14283: gcc -o conftest -g -O2 -Wall -Wwrite-strings   conftest.c  >&5
configure:14283: $? = 0
configure:14283: result: yes
configure:14341: checking for IceConnectionNumber in -lICE
configure:14366: gcc -o conftest -g -O2 -Wall -Wwrite-strings   conftest.c -lICE   >&5
/usr/bin/ld: cannot find -lICE
collect2: error: ld returned 1 exit status
configure:14366: $? = 1
configure: failed program was:
| /* confdefs.h */
| #define PACKAGE_NAME "xrdp"
| #define PACKAGE_TARNAME "xrdp"
| #define PACKAGE_VERSION "0.9.8"
| #define PACKAGE_STRING "xrdp 0.9.8"
| #define PACKAGE_BUGREPORT "xrdp-devel@googlegroups.com"
| #define PACKAGE_URL ""
| #define PACKAGE "xrdp"
| #define VERSION "0.9.8"
| #define STDC_HEADERS 1
| #define HAVE_SYS_TYPES_H 1
| #define HAVE_SYS_STAT_H 1
| #define HAVE_STDLIB_H 1
| #define HAVE_STRING_H 1
| #define HAVE_MEMORY_H 1
| #define HAVE_STRINGS_H 1
| #define HAVE_INTTYPES_H 1
| #define HAVE_STDINT_H 1
| #define HAVE_UNISTD_H 1
| #define HAVE_DLFCN_H 1
| #define LT_OBJDIR ".libs/"
| #define HAVE_FUNC_ATTRIBUTE_FORMAT 1
| #define HAVE__PAM_TYPES_H 1
| /* end confdefs.h.  */
| 
| /* Override any GCC internal prototype to avoid an error.
|    Use char because int might match the return type of a GCC
|    builtin and then its argument prototype would still apply.  */
| #ifdef __cplusplus
| extern "C"
| #endif
| char IceConnectionNumber ();
| int
| main ()
| {
| return IceConnectionNumber ();
|   ;
|   return 0;
| }
configure:14375: result: no
configure:14393: checking for X11/extensions/Xfixes.h
configure:14393: gcc -c -g -O2 -Wall -Wwrite-strings   conftest.c >&5
configure:14393: $? = 0
configure:14393: result: yes
configure:14404: checking for X11/extensions/Xrandr.h
configure:14404: gcc -c -g -O2 -Wall -Wwrite-strings   conftest.c >&5
configure:14404: $? = 0
configure:14404: result: yes
configure:14450: checking sys/prctl.h usability
configure:14450: gcc -c -g -O2 -Wall -Wwrite-strings  conftest.c >&5
configure:14450: $? = 0
configure:14450: result: yes
configure:14450: checking sys/prctl.h presence
configure:14450: gcc -E  conftest.c
configure:14450: $? = 0
configure:14450: result: yes
configure:14450: checking for sys/prctl.h
configure:14450: result: yes
configure:14573: checking that generated files are newer than configure
configure:14579: result: done
configure:14690: creating ./config.status

## ---------------------- ##
## Running config.status. ##
## ---------------------- ##

This file was extended by xrdp config.status 0.9.8, which was
generated by GNU Autoconf 2.69.  Invocation command line was

  CONFIG_FILES    = 
  CONFIG_HEADERS  = 
  CONFIG_LINKS    = 
  CONFIG_COMMANDS = 
  $ ./config.status 

on vstream

config.status:1185: creating common/Makefile
config.status:1185: creating docs/Makefile
config.status:1185: creating docs/man/Makefile
config.status:1185: creating genkeymap/Makefile
config.status:1185: creating instfiles/default/Makefile
config.status:1185: creating instfiles/init.d/Makefile
config.status:1185: creating instfiles/Makefile
config.status:1185: creating instfiles/pam.d/Makefile
config.status:1185: creating instfiles/pulse/Makefile
config.status:1185: creating instfiles/rc.d/Makefile
config.status:1185: creating keygen/Makefile
config.status:1185: creating libxrdp/Makefile
config.status:1185: creating Makefile
config.status:1185: creating mc/Makefile
config.status:1185: creating neutrinordp/Makefile
config.status:1185: creating pkgconfig/Makefile
config.status:1185: creating pkgconfig/xrdp.pc
config.status:1185: creating pkgconfig/xrdp-uninstalled.pc
config.status:1185: creating sesman/chansrv/Makefile
config.status:1185: creating sesman/libscp/Makefile
config.status:1185: creating sesman/Makefile
config.status:1185: creating sesman/tools/Makefile
config.status:1185: creating vnc/Makefile
config.status:1185: creating xrdpapi/Makefile
config.status:1185: creating xrdp/Makefile
config.status:1185: creating xrdpvr/Makefile
config.status:1185: creating xup/Makefile
config.status:1185: creating config_ac.h
config.status:1366: config_ac.h is unchanged
config.status:1414: executing depfiles commands
config.status:1414: executing libtool commands
configure:16924: === configuring in libpainter (/home/wyrda/xrdp-0.9.8/libpainter)
configure:16987: running /bin/bash ./configure --disable-option-checking '--prefix=/usr/local'  '--enable-jpeg' '--enable-fuse' '--enable-pixman' --cache-file=/dev/null --srcdir=.
configure:16924: === configuring in librfxcodec (/home/wyrda/xrdp-0.9.8/librfxcodec)
configure:16987: running /bin/bash ./configure --disable-option-checking '--prefix=/usr/local'  '--enable-jpeg' '--enable-fuse' '--enable-pixman' --cache-file=/dev/null --srcdir=.

## ---------------- ##
## Cache variables. ##
## ---------------- ##

ac_cv_ax_type_socklen_t=yes
ac_cv_build=x86_64-pc-linux-gnu
ac_cv_c_compiler_gnu=yes
ac_cv_c_const=yes
ac_cv_cflags_warn_all=-Wall
ac_cv_env_CC_set=
ac_cv_env_CC_value=
ac_cv_env_CFLAGS_set=
ac_cv_env_CFLAGS_value=
ac_cv_env_CPPFLAGS_set=
ac_cv_env_CPPFLAGS_value=
ac_cv_env_CPP_set=
ac_cv_env_CPP_value=
ac_cv_env_FDKAAC_CFLAGS_set=
ac_cv_env_FDKAAC_CFLAGS_value=
ac_cv_env_FDKAAC_LIBS_set=
ac_cv_env_FDKAAC_LIBS_value=
ac_cv_env_FREERDP_CFLAGS_set=
ac_cv_env_FREERDP_CFLAGS_value=
ac_cv_env_FREERDP_LIBS_set=
ac_cv_env_FREERDP_LIBS_value=
ac_cv_env_FUSE_CFLAGS_set=
ac_cv_env_FUSE_CFLAGS_value=
ac_cv_env_FUSE_LIBS_set=
ac_cv_env_FUSE_LIBS_value=
ac_cv_env_LDFLAGS_set=
ac_cv_env_LDFLAGS_value=
ac_cv_env_LIBS_set=
ac_cv_env_LIBS_value=
ac_cv_env_LT_SYS_LIBRARY_PATH_set=
ac_cv_env_LT_SYS_LIBRARY_PATH_value=
ac_cv_env_OPENSSL_CFLAGS_set=
ac_cv_env_OPENSSL_CFLAGS_value=
ac_cv_env_OPENSSL_LIBS_set=
ac_cv_env_OPENSSL_LIBS_value=
ac_cv_env_PIXMAN_CFLAGS_set=
ac_cv_env_PIXMAN_CFLAGS_value=
ac_cv_env_PIXMAN_LIBS_set=
ac_cv_env_PIXMAN_LIBS_value=
ac_cv_env_PKG_CONFIG_LIBDIR_set=
ac_cv_env_PKG_CONFIG_LIBDIR_value=
ac_cv_env_PKG_CONFIG_PATH_set=
ac_cv_env_PKG_CONFIG_PATH_value=
ac_cv_env_PKG_CONFIG_set=
ac_cv_env_PKG_CONFIG_value=
ac_cv_env_XMKMF_set=
ac_cv_env_XMKMF_value=
ac_cv_env_build_alias_set=
ac_cv_env_build_alias_value=
ac_cv_env_host_alias_set=
ac_cv_env_host_alias_value=
ac_cv_env_target_alias_set=
ac_cv_env_target_alias_value=
ac_cv_func_connect=yes
ac_cv_func_dlopen=no
ac_cv_func_gethostbyname=yes
ac_cv_func_remove=yes
ac_cv_func_shmat=yes
ac_cv_have_x='have_x=yes	ac_x_includes='\'''\''	ac_x_libraries='\'''\'''
ac_cv_header_X11_extensions_Xfixes_h=yes
ac_cv_header_X11_extensions_Xrandr_h=yes
ac_cv_header_dlfcn_h=yes
ac_cv_header_inttypes_h=yes
ac_cv_header_jpeglib_h=yes
ac_cv_header_memory_h=yes
ac_cv_header_security__pam_types_h=yes
ac_cv_header_security_pam_appl_h=yes
ac_cv_header_security_pam_constants_h=no
ac_cv_header_stdc=yes
ac_cv_header_stdint_h=yes
ac_cv_header_stdlib_h=yes
ac_cv_header_string_h=yes
ac_cv_header_strings_h=yes
ac_cv_header_sys_prctl_h=yes
ac_cv_header_sys_stat_h=yes
ac_cv_header_sys_types_h=yes
ac_cv_header_unistd_h=yes
ac_cv_host=x86_64-pc-linux-gnu
ac_cv_lib_ICE_IceConnectionNumber=no
ac_cv_lib_dl_dlopen=yes
ac_cv_objext=o
ac_cv_path_EGREP='/bin/grep -E'
ac_cv_path_FGREP='/bin/grep -F'
ac_cv_path_GREP=/bin/grep
ac_cv_path_OPENSSL=/usr/bin/openssl
ac_cv_path_SED=/bin/sed
ac_cv_path_ac_pt_PKG_CONFIG=/usr/bin/pkg-config
ac_cv_path_install='/usr/bin/install -c'
ac_cv_path_lt_DD=/bin/dd
ac_cv_path_mkdir=/bin/mkdir
ac_cv_prog_AWK=mawk
ac_cv_prog_CPP='gcc -E'
ac_cv_prog_ac_ct_AR=ar
ac_cv_prog_ac_ct_CC=gcc
ac_cv_prog_ac_ct_MANIFEST_TOOL=mt
ac_cv_prog_ac_ct_OBJDUMP=objdump
ac_cv_prog_ac_ct_RANLIB=ranlib
ac_cv_prog_ac_ct_STRIP=strip
ac_cv_prog_cc_c89=
ac_cv_prog_cc_g=yes
ac_cv_prog_make_make_set=yes
am_cv_CC_dependencies_compiler_type=gcc3
am_cv_make_support_nested_variables=yes
am_cv_prog_cc_c_o=yes
ax_cv_check_cflags___Wwrite_strings=yes
ax_cv_have_func_attribute_format=yes
lt_cv_ar_at_file=@
lt_cv_archive_cmds_need_lc=no
lt_cv_deplibs_check_method=pass_all
lt_cv_file_magic_cmd='$MAGIC_CMD'
lt_cv_file_magic_test_file=
lt_cv_ld_reload_flag=-r
lt_cv_nm_interface='BSD nm'
lt_cv_objdir=.libs
lt_cv_path_LD=/usr/bin/ld
lt_cv_path_NM='/usr/bin/nm -B'
lt_cv_path_mainfest_tool=no
lt_cv_prog_compiler_c_o=yes
lt_cv_prog_compiler_pic='-fPIC -DPIC'
lt_cv_prog_compiler_pic_works=yes
lt_cv_prog_compiler_rtti_exceptions=no
lt_cv_prog_compiler_static_works=yes
lt_cv_prog_gnu_ld=yes
lt_cv_sharedlib_from_linklib_cmd='printf %s\n'
lt_cv_shlibpath_overrides_runpath=yes
lt_cv_sys_global_symbol_pipe='sed -n -e '\''s/^.*[	 ]\([ABCDGIRSTW][ABCDGIRSTW]*\)[	 ][	 ]*\([_A-Za-z][_A-Za-z0-9]*\)$/\1 \2 \2/p'\'' | sed '\''/ __gnu_lto/d'\'''
lt_cv_sys_global_symbol_to_c_name_address='sed -n -e '\''s/^: \(.*\) .*$/  {"\1", (void *) 0},/p'\'' -e '\''s/^[ABCDGIRSTW][ABCDGIRSTW]* .* \(.*\)$/  {"\1", (void *) \&\1},/p'\'''
lt_cv_sys_global_symbol_to_c_name_address_lib_prefix='sed -n -e '\''s/^: \(.*\) .*$/  {"\1", (void *) 0},/p'\'' -e '\''s/^[ABCDGIRSTW][ABCDGIRSTW]* .* \(lib.*\)$/  {"\1", (void *) \&\1},/p'\'' -e '\''s/^[ABCDGIRSTW][ABCDGIRSTW]* .* \(.*\)$/  {"lib\1", (void *) \&\1},/p'\'''
lt_cv_sys_global_symbol_to_cdecl='sed -n -e '\''s/^T .* \(.*\)$/extern int \1();/p'\'' -e '\''s/^[ABCDGIRSTW][ABCDGIRSTW]* .* \(.*\)$/extern char \1;/p'\'''
lt_cv_sys_global_symbol_to_import=
lt_cv_sys_max_cmd_len=1572864
lt_cv_to_host_file_cmd=func_convert_file_noop
lt_cv_to_tool_file_cmd=func_convert_file_noop
lt_cv_truncate_bin='/bin/dd bs=4096 count=1'
pkg_cv_FUSE_CFLAGS='-D_FILE_OFFSET_BITS=64 -I/usr/include/fuse'
pkg_cv_FUSE_LIBS='-lfuse -pthread'
pkg_cv_OPENSSL_CFLAGS=
pkg_cv_OPENSSL_LIBS='-lssl -lcrypto'
pkg_cv_PIXMAN_CFLAGS=-I/usr/include/pixman-1
pkg_cv_PIXMAN_LIBS=-lpixman-1

## ----------------- ##
## Output variables. ##
## ----------------- ##

ACLOCAL='${SHELL} /home/wyrda/xrdp-0.9.8/missing aclocal-1.15'
AMDEPBACKSLASH='\'
AMDEP_FALSE='#'
AMDEP_TRUE=''
AMTAR='$${TAR-tar}'
AM_BACKSLASH='\'
AM_DEFAULT_V='$(AM_DEFAULT_VERBOSITY)'
AM_DEFAULT_VERBOSITY='0'
AM_V='$(V)'
AR='ar'
AUTOCONF='${SHELL} /home/wyrda/xrdp-0.9.8/missing autoconf'
AUTOHEADER='${SHELL} /home/wyrda/xrdp-0.9.8/missing autoheader'
AUTOMAKE='${SHELL} /home/wyrda/xrdp-0.9.8/missing automake-1.15'
AWK='mawk'
CC='gcc'
CCDEPMODE='depmode=gcc3'
CFLAGS='-g -O2 -Wall -Wwrite-strings'
CPP='gcc -E'
CPPFLAGS=''
CYGPATH_W='echo'
DEFS='-DHAVE_CONFIG_H'
DEPDIR='.deps'
DLLTOOL='false'
DLOPEN_LIBS='-ldl'
DSYMUTIL=''
DUMPBIN=''
ECHO_C=''
ECHO_N='-n'
ECHO_T=''
EGREP='/bin/grep -E'
EXEEXT=''
FDKAAC_CFLAGS=''
FDKAAC_LIBS=''
FGREP='/bin/grep -F'
FREEBSD_FALSE=''
FREEBSD_TRUE='#'
FREERDP_CFLAGS=''
FREERDP_LIBS=''
FUSE_CFLAGS='-D_FILE_OFFSET_BITS=64 -I/usr/include/fuse'
FUSE_LIBS='-lfuse -pthread'
GREP='/bin/grep'
HAVE_SYSTEMD_FALSE='#'
HAVE_SYSTEMD_TRUE=''
INSTALL_DATA='${INSTALL} -m 644'
INSTALL_PROGRAM='${INSTALL}'
INSTALL_SCRIPT='${INSTALL}'
INSTALL_STRIP_PROGRAM='$(install_sh) -c -s'
LD='/usr/bin/ld -m elf_x86_64'
LDFLAGS=''
LIBOBJS=''
LIBS=''
LIBTOOL='$(SHELL) $(top_builddir)/libtool'
LINUX_FALSE='#'
LINUX_TRUE=''
LIPO=''
LN_S='ln -s'
LTLIBOBJS=''
LT_SYS_LIBRARY_PATH=''
MACOS_FALSE=''
MACOS_TRUE='#'
MAKEINFO='${SHELL} /home/wyrda/xrdp-0.9.8/missing makeinfo'
MANIFEST_TOOL=':'
MKDIR_P='/bin/mkdir -p'
NETBSD_FALSE=''
NETBSD_TRUE='#'
NM='/usr/bin/nm -B'
NMEDIT=''
OBJDUMP='objdump'
OBJEXT='o'
OPENBSD_FALSE=''
OPENBSD_TRUE='#'
OPENSSL='/usr/bin/openssl'
OPENSSL_CFLAGS=''
OPENSSL_LIBS='-lssl -lcrypto'
OTOOL64=''
OTOOL=''
PACKAGE='xrdp'
PACKAGE_BUGREPORT='xrdp-devel@googlegroups.com'
PACKAGE_NAME='xrdp'
PACKAGE_STRING='xrdp 0.9.8'
PACKAGE_TARNAME='xrdp'
PACKAGE_URL=''
PACKAGE_VERSION='0.9.8'
PAM_RULES='auto'
PATH_SEPARATOR=':'
PIXMAN_CFLAGS='-I/usr/include/pixman-1'
PIXMAN_LIBS='-lpixman-1'
PKG_CONFIG='/usr/bin/pkg-config'
PKG_CONFIG_LIBDIR=''
PKG_CONFIG_PATH=''
RANLIB='ranlib'
SED='/bin/sed'
SESMAN_BSD_FALSE=''
SESMAN_BSD_TRUE='#'
SESMAN_KERBEROS_FALSE=''
SESMAN_KERBEROS_TRUE='#'
SESMAN_NOPAM_FALSE=''
SESMAN_NOPAM_TRUE='#'
SESMAN_PAMUSERPASS_FALSE=''
SESMAN_PAMUSERPASS_TRUE='#'
SET_MAKE=''
SHELL='/bin/bash'
STRIP='strip'
TurboJpegIncDir=''
TurboJpegLibDir=''
VERSION='0.9.8'
XMKMF=''
XRDP_DEBUG_FALSE=''
XRDP_DEBUG_TRUE='#'
XRDP_FDK_AAC_FALSE=''
XRDP_FDK_AAC_TRUE='#'
XRDP_FUSE_FALSE='#'
XRDP_FUSE_TRUE=''
XRDP_JPEG_FALSE='#'
XRDP_JPEG_TRUE=''
XRDP_MP3LAME_FALSE=''
XRDP_MP3LAME_TRUE='#'
XRDP_NEUTRINORDP_FALSE=''
XRDP_NEUTRINORDP_TRUE='#'
XRDP_OPUS_FALSE=''
XRDP_OPUS_TRUE='#'
XRDP_PAINTER_FALSE='#'
XRDP_PAINTER_TRUE=''
XRDP_PIXMAN_FALSE='#'
XRDP_PIXMAN_TRUE=''
XRDP_RFXCODEC_FALSE='#'
XRDP_RFXCODEC_TRUE=''
XRDP_TJPEG_FALSE=''
XRDP_TJPEG_TRUE='#'
XRDP_XRDPVR_FALSE=''
XRDP_XRDPVR_TRUE='#'
X_CFLAGS=''
X_EXTRA_LIBS=''
X_LIBS=''
X_PRE_LIBS=''
ac_ct_AR='ar'
ac_ct_CC='gcc'
ac_ct_DUMPBIN=''
am__EXEEXT_FALSE=''
am__EXEEXT_TRUE='#'
am__fastdepCC_FALSE='#'
am__fastdepCC_TRUE=''
am__include='include'
am__isrc=''
am__leading_dot='.'
am__nodep='_no'
am__quote=''
am__tar='$${TAR-tar} chof - "$$tardir"'
am__untar='$${TAR-tar} xf -'
bindir='${exec_prefix}/bin'
build='x86_64-pc-linux-gnu'
build_alias=''
build_cpu='x86_64'
build_os='linux-gnu'
build_vendor='pc'
datadir='${datarootdir}'
datarootdir='${prefix}/share'
docdir='${datarootdir}/doc/${PACKAGE_TARNAME}'
dvidir='${docdir}'
exec_prefix='${prefix}'
host='x86_64-pc-linux-gnu'
host_alias=''
host_cpu='x86_64'
host_os='linux-gnu'
host_vendor='pc'
htmldir='${docdir}'
includedir='${prefix}/include'
infodir='${datarootdir}/info'
install_sh='${SHELL} /home/wyrda/xrdp-0.9.8/install-sh'
libdir='${exec_prefix}/lib'
libexecdir='${exec_prefix}/libexec'
localedir='${datarootdir}/locale'
localstatedir='/var'
mandir='${datarootdir}/man'
mkdir_p='$(MKDIR_P)'
moduledir='${libdir}/xrdp'
oldincludedir='/usr/include'
pdfdir='${docdir}'
pkgconfigdir='${libdir}/pkgconfig'
prefix='/usr/local'
program_transform_name='s,x,x,'
psdir='${docdir}'
runstatedir='${localstatedir}/run'
sbindir='${exec_prefix}/sbin'
sharedstatedir='${prefix}/com'
socketdir='/tmp/.xrdp'
subdirs=' libpainter librfxcodec'
sysconfdir='/etc'
systemdsystemunitdir='/lib/systemd/system'
target_alias=''

## ----------- ##
## confdefs.h. ##
## ----------- ##

/* confdefs.h */
#define PACKAGE_NAME "xrdp"
#define PACKAGE_TARNAME "xrdp"
#define PACKAGE_VERSION "0.9.8"
#define PACKAGE_STRING "xrdp 0.9.8"
#define PACKAGE_BUGREPORT "xrdp-devel@googlegroups.com"
#define PACKAGE_URL ""
#define PACKAGE "xrdp"
#define VERSION "0.9.8"
#define STDC_HEADERS 1
#define HAVE_SYS_TYPES_H 1
#define HAVE_SYS_STAT_H 1
#define HAVE_STDLIB_H 1
#define HAVE_STRING_H 1
#define HAVE_MEMORY_H 1
#define HAVE_STRINGS_H 1
#define HAVE_INTTYPES_H 1
#define HAVE_STDINT_H 1
#define HAVE_UNISTD_H 1
#define HAVE_DLFCN_H 1
#define LT_OBJDIR ".libs/"
#define HAVE_FUNC_ATTRIBUTE_FORMAT 1
#define HAVE__PAM_TYPES_H 1
#define HAVE_SYS_PRCTL_H 1

configure: exit 0
