This file contains any messages produced by compilers while
running configure, to aid debugging if configure makes a mistake.

It was created by xorgxrdp configure 0.2.8, which was
generated by GNU Autoconf 2.69.  Invocation command line was

  $ ./configure 

## --------- ##
## Platform. ##
## --------- ##

hostname = vstream
uname -m = x86_64
uname -r = 4.9.0-8-amd64
uname -s = Linux
uname -v = #1 SMP Debian 4.9.110-3+deb9u4 (2018-08-21)

/usr/bin/uname -p = unknown
/bin/uname -X     = unknown

/bin/arch              = unknown
/usr/bin/arch -k       = unknown
/usr/convex/getsysinfo = unknown
/usr/bin/hostinfo      = unknown
/bin/machine           = unknown
/usr/bin/oslevel       = unknown
/bin/universe          = unknown

PATH: /usr/local/bin
PATH: /usr/bin
PATH: /bin
PATH: /usr/local/games
PATH: /usr/games


## ----------- ##
## Core tests. ##
## ----------- ##

configure:2217: checking for a BSD-compatible install
configure:2285: result: /usr/bin/install -c
configure:2296: checking whether build environment is sane
configure:2351: result: yes
configure:2502: checking for a thread-safe mkdir -p
configure:2541: result: /bin/mkdir -p
configure:2548: checking for gawk
configure:2578: result: no
configure:2548: checking for mawk
configure:2564: found /usr/bin/mawk
configure:2575: result: mawk
configure:2586: checking whether make sets $(MAKE)
configure:2608: result: yes
configure:2637: checking whether make supports nested variables
configure:2654: result: yes
configure:2791: checking whether make supports nested variables
configure:2808: result: yes
configure:2867: checking for gcc
configure:2883: found /usr/bin/gcc
configure:2894: result: gcc
configure:3123: checking for C compiler version
configure:3132: gcc --version >&5
gcc (Debian 6.3.0-18+deb9u1) 6.3.0 20170516
Copyright (C) 2016 Free Software Foundation, Inc.
This is free software; see the source for copying conditions.  There is NO
warranty; not even for MERCHANTABILITY or FITNESS FOR A PARTICULAR PURPOSE.

configure:3143: $? = 0
configure:3132: gcc -v >&5
Using built-in specs.
COLLECT_GCC=gcc
COLLECT_LTO_WRAPPER=/usr/lib/gcc/x86_64-linux-gnu/6/lto-wrapper
Target: x86_64-linux-gnu
Configured with: ../src/configure -v --with-pkgversion='Debian 6.3.0-18+deb9u1' --with-bugurl=file:///usr/share/doc/gcc-6/README.Bugs --enable-languages=c,ada,c++,java,go,d,fortran,objc,obj-c++ --prefix=/usr --program-suffix=-6 --program-prefix=x86_64-linux-gnu- --enable-shared --enable-linker-build-id --libexecdir=/usr/lib --without-included-gettext --enable-threads=posix --libdir=/usr/lib --enable-nls --with-sysroot=/ --enable-clocale=gnu --enable-libstdcxx-debug --enable-libstdcxx-time=yes --with-default-libstdcxx-abi=new --enable-gnu-unique-object --disable-vtable-verify --enable-libmpx --enable-plugin --enable-default-pie --with-system-zlib --disable-browser-plugin --enable-java-awt=gtk --enable-gtk-cairo --with-java-home=/usr/lib/jvm/java-1.5.0-gcj-6-amd64/jre --enable-java-home --with-jvm-root-dir=/usr/lib/jvm/java-1.5.0-gcj-6-amd64 --with-jvm-jar-dir=/usr/lib/jvm-exports/java-1.5.0-gcj-6-amd64 --with-arch-directory=amd64 --with-ecj-jar=/usr/share/java/eclipse-ecj.jar --with-target-system-zlib --enable-objc-gc=auto --enable-multiarch --with-arch-32=i686 --with-abi=m64 --with-multilib-list=m32,m64,mx32 --enable-multilib --with-tune=generic --enable-checking=release --build=x86_64-linux-gnu --host=x86_64-linux-gnu --target=x86_64-linux-gnu
Thread model: posix
gcc version 6.3.0 20170516 (Debian 6.3.0-18+deb9u1) 
configure:3143: $? = 0
configure:3132: gcc -V >&5
gcc: error: unrecognized command line option '-V'
gcc: fatal error: no input files
compilation terminated.
configure:3143: $? = 1
configure:3132: gcc -qversion >&5
gcc: error: unrecognized command line option '-qversion'; did you mean '--version'?
gcc: fatal error: no input files
compilation terminated.
configure:3143: $? = 1
configure:3163: checking whether the C compiler works
configure:3185: gcc    conftest.c  >&5
configure:3189: $? = 0
configure:3237: result: yes
configure:3240: checking for C compiler default output file name
configure:3242: result: a.out
configure:3248: checking for suffix of executables
configure:3255: gcc -o conftest    conftest.c  >&5
configure:3259: $? = 0
configure:3281: result: 
configure:3303: checking whether we are cross compiling
configure:3311: gcc -o conftest    conftest.c  >&5
configure:3315: $? = 0
configure:3322: ./conftest
configure:3326: $? = 0
configure:3341: result: no
configure:3346: checking for suffix of object files
configure:3368: gcc -c   conftest.c >&5
configure:3372: $? = 0
configure:3393: result: o
configure:3397: checking whether we are using the GNU C compiler
configure:3416: gcc -c   conftest.c >&5
configure:3416: $? = 0
configure:3425: result: yes
configure:3434: checking whether gcc accepts -g
configure:3454: gcc -c -g  conftest.c >&5
configure:3454: $? = 0
configure:3495: result: yes
configure:3512: checking for gcc option to accept ISO C89
configure:3575: gcc  -c -g -O2  conftest.c >&5
configure:3575: $? = 0
configure:3588: result: none needed
configure:3613: checking whether gcc understands -c and -o together
configure:3635: gcc -c conftest.c -o conftest2.o
configure:3638: $? = 0
configure:3635: gcc -c conftest.c -o conftest2.o
configure:3638: $? = 0
configure:3650: result: yes
configure:3670: checking whether make supports the include directive
configure:3685: make -f confmf.GNU && cat confinc.out
this is the am__doit target
configure:3688: $? = 0
configure:3707: result: yes (GNU style)
configure:3732: checking dependency style of gcc
configure:3843: result: gcc3
configure:3859: checking for an ANSI C-conforming const
configure:3925: gcc -c -g -O2  conftest.c >&5
configure:3925: $? = 0
configure:3932: result: yes
configure:3969: checking build system type
configure:3983: result: x86_64-unknown-linux-gnu
configure:4003: checking host system type
configure:4016: result: x86_64-unknown-linux-gnu
configure:4057: checking how to print strings
configure:4084: result: printf
configure:4105: checking for a sed that does not truncate output
configure:4169: result: /bin/sed
configure:4187: checking for grep that handles long lines and -e
configure:4245: result: /bin/grep
configure:4250: checking for egrep
configure:4312: result: /bin/grep -E
configure:4317: checking for fgrep
configure:4379: result: /bin/grep -F
configure:4414: checking for ld used by gcc
configure:4481: result: /usr/bin/ld
configure:4488: checking if the linker (/usr/bin/ld) is GNU ld
configure:4503: result: yes
configure:4515: checking for BSD- or MS-compatible name lister (nm)
configure:4569: result: /usr/bin/nm -B
configure:4699: checking the name lister (/usr/bin/nm -B) interface
configure:4706: gcc -c -g -O2  conftest.c >&5
configure:4709: /usr/bin/nm -B "conftest.o"
configure:4712: output
0000000000000000 B some_variable
configure:4719: result: BSD nm
configure:4722: checking whether ln -s works
configure:4726: result: yes
configure:4734: checking the maximum length of command line arguments
configure:4865: result: 1572864
configure:4913: checking how to convert x86_64-unknown-linux-gnu file names to x86_64-unknown-linux-gnu format
configure:4953: result: func_convert_file_noop
configure:4960: checking how to convert x86_64-unknown-linux-gnu file names to toolchain format
configure:4980: result: func_convert_file_noop
configure:4987: checking for /usr/bin/ld option to reload object files
configure:4994: result: -r
configure:5068: checking for objdump
configure:5084: found /usr/bin/objdump
configure:5095: result: objdump
configure:5127: checking how to recognize dependent libraries
configure:5327: result: pass_all
configure:5412: checking for dlltool
configure:5442: result: no
configure:5472: checking how to associate runtime and link libraries
configure:5499: result: printf %s\n
configure:5559: checking for ar
configure:5575: found /usr/bin/ar
configure:5586: result: ar
configure:5623: checking for archiver @FILE support
configure:5640: gcc -c -g -O2  conftest.c >&5
configure:5640: $? = 0
configure:5643: ar cru libconftest.a @conftest.lst >&5
ar: `u' modifier ignored since `D' is the default (see `U')
configure:5646: $? = 0
configure:5651: ar cru libconftest.a @conftest.lst >&5
ar: `u' modifier ignored since `D' is the default (see `U')
ar: conftest.o: No such file or directory
configure:5654: $? = 1
configure:5666: result: @
configure:5724: checking for strip
configure:5740: found /usr/bin/strip
configure:5751: result: strip
configure:5823: checking for ranlib
configure:5839: found /usr/bin/ranlib
configure:5850: result: ranlib
configure:5952: checking command to parse /usr/bin/nm -B output from gcc object
configure:6105: gcc -c -g -O2  conftest.c >&5
configure:6108: $? = 0
configure:6112: /usr/bin/nm -B conftest.o \| sed -n -e 's/^.*[ ]\([ABCDGIRSTW][ABCDGIRSTW]*\)[ ][ ]*\([_A-Za-z][_A-Za-z0-9]*\)$/\1 \2 \2/p' | sed '/ __gnu_lto/d' \> conftest.nm
configure:6115: $? = 0
configure:6181: gcc -o conftest -g -O2   conftest.c conftstm.o >&5
configure:6184: $? = 0
configure:6222: result: ok
configure:6269: checking for sysroot
configure:6299: result: no
configure:6306: checking for a working dd
configure:6344: result: /bin/dd
configure:6348: checking how to truncate binary pipes
configure:6363: result: /bin/dd bs=4096 count=1
configure:6499: gcc -c -g -O2  conftest.c >&5
configure:6502: $? = 0
configure:6692: checking for mt
configure:6708: found /bin/mt
configure:6719: result: mt
configure:6742: checking if mt is a manifest tool
configure:6748: mt '-?'
configure:6756: result: no
configure:7433: checking how to run the C preprocessor
configure:7464: gcc -E  conftest.c
configure:7464: $? = 0
configure:7478: gcc -E  conftest.c
conftest.c:11:28: fatal error: ac_nonexistent.h: No such file or directory
 #include <ac_nonexistent.h>
                            ^
compilation terminated.
configure:7478: $? = 1
configure: failed program was:
| /* confdefs.h */
| #define PACKAGE_NAME "xorgxrdp"
| #define PACKAGE_TARNAME "xorgxrdp"
| #define PACKAGE_VERSION "0.2.8"
| #define PACKAGE_STRING "xorgxrdp 0.2.8"
| #define PACKAGE_BUGREPORT "xrdp-devel@googlegroups.com"
| #define PACKAGE_URL ""
| #define PACKAGE "xorgxrdp"
| #define VERSION "0.2.8"
| /* end confdefs.h.  */
| #include <ac_nonexistent.h>
configure:7503: result: gcc -E
configure:7523: gcc -E  conftest.c
configure:7523: $? = 0
configure:7537: gcc -E  conftest.c
conftest.c:11:28: fatal error: ac_nonexistent.h: No such file or directory
 #include <ac_nonexistent.h>
                            ^
compilation terminated.
configure:7537: $? = 1
configure: failed program was:
| /* confdefs.h */
| #define PACKAGE_NAME "xorgxrdp"
| #define PACKAGE_TARNAME "xorgxrdp"
| #define PACKAGE_VERSION "0.2.8"
| #define PACKAGE_STRING "xorgxrdp 0.2.8"
| #define PACKAGE_BUGREPORT "xrdp-devel@googlegroups.com"
| #define PACKAGE_URL ""
| #define PACKAGE "xorgxrdp"
| #define VERSION "0.2.8"
| /* end confdefs.h.  */
| #include <ac_nonexistent.h>
configure:7566: checking for ANSI C header files
configure:7586: gcc -c -g -O2  conftest.c >&5
configure:7586: $? = 0
configure:7659: gcc -o conftest -g -O2   conftest.c  >&5
configure:7659: $? = 0
configure:7659: ./conftest
configure:7659: $? = 0
configure:7670: result: yes
configure:7683: checking for sys/types.h
configure:7683: gcc -c -g -O2  conftest.c >&5
configure:7683: $? = 0
configure:7683: result: yes
configure:7683: checking for sys/stat.h
configure:7683: gcc -c -g -O2  conftest.c >&5
configure:7683: $? = 0
configure:7683: result: yes
configure:7683: checking for stdlib.h
configure:7683: gcc -c -g -O2  conftest.c >&5
configure:7683: $? = 0
configure:7683: result: yes
configure:7683: checking for string.h
configure:7683: gcc -c -g -O2  conftest.c >&5
configure:7683: $? = 0
configure:7683: result: yes
configure:7683: checking for memory.h
configure:7683: gcc -c -g -O2  conftest.c >&5
configure:7683: $? = 0
configure:7683: result: yes
configure:7683: checking for strings.h
configure:7683: gcc -c -g -O2  conftest.c >&5
configure:7683: $? = 0
configure:7683: result: yes
configure:7683: checking for inttypes.h
configure:7683: gcc -c -g -O2  conftest.c >&5
configure:7683: $? = 0
configure:7683: result: yes
configure:7683: checking for stdint.h
configure:7683: gcc -c -g -O2  conftest.c >&5
configure:7683: $? = 0
configure:7683: result: yes
configure:7683: checking for unistd.h
configure:7683: gcc -c -g -O2  conftest.c >&5
configure:7683: $? = 0
configure:7683: result: yes
configure:7697: checking for dlfcn.h
configure:7697: gcc -c -g -O2  conftest.c >&5
configure:7697: $? = 0
configure:7697: result: yes
configure:7953: checking for objdir
configure:7968: result: .libs
configure:8232: checking if gcc supports -fno-rtti -fno-exceptions
configure:8250: gcc -c -g -O2  -fno-rtti -fno-exceptions conftest.c >&5
cc1: warning: command line option '-fno-rtti' is valid for C++/ObjC++ but not for C
configure:8254: $? = 0
configure:8267: result: no
configure:8625: checking for gcc option to produce PIC
configure:8632: result: -fPIC -DPIC
configure:8640: checking if gcc PIC flag -fPIC -DPIC works
configure:8658: gcc -c -g -O2  -fPIC -DPIC -DPIC conftest.c >&5
configure:8662: $? = 0
configure:8675: result: yes
configure:8704: checking if gcc static flag -static works
configure:8732: result: yes
configure:8747: checking if gcc supports -c -o file.o
configure:8768: gcc -c -g -O2  -o out/conftest2.o conftest.c >&5
configure:8772: $? = 0
configure:8794: result: yes
configure:8802: checking if gcc supports -c -o file.o
configure:8849: result: yes
configure:8882: checking whether the gcc linker (/usr/bin/ld -m elf_x86_64) supports shared libraries
configure:10141: result: yes
configure:10178: checking whether -lc should be explicitly linked in
configure:10186: gcc -c -g -O2  conftest.c >&5
configure:10189: $? = 0
configure:10204: gcc -shared  -fPIC -DPIC conftest.o  -v -Wl,-soname -Wl,conftest -o conftest 2\>\&1 \| /bin/grep  -lc  \>/dev/null 2\>\&1
configure:10207: $? = 0
configure:10221: result: no
configure:10381: checking dynamic linker characteristics
configure:10962: gcc -o conftest -g -O2   -Wl,-rpath -Wl,/foo conftest.c  >&5
configure:10962: $? = 0
configure:11199: result: GNU/Linux ld.so
configure:11321: checking how to hardcode library paths into programs
configure:11346: result: immediate
configure:11894: checking whether stripping libraries is possible
configure:11899: result: yes
configure:11934: checking if libtool supports shared libraries
configure:11936: result: yes
configure:11939: checking whether to build shared libraries
configure:11964: result: yes
configure:11967: checking whether to build static libraries
configure:11971: result: yes
configure:12016: checking CFLAGS for maximum warnings
configure:12036: gcc -c -g -O2 -warn all  -warn all  conftest.c >&5
gcc: error: all: No such file or directory
gcc: error: all: No such file or directory
gcc: error: unrecognized command line option '-warn'; did you mean '--warn-'?
gcc: error: unrecognized command line option '-warn'; did you mean '--warn-'?
configure:12036: $? = 1
configure: failed program was:
| /* confdefs.h */
| #define PACKAGE_NAME "xorgxrdp"
| #define PACKAGE_TARNAME "xorgxrdp"
| #define PACKAGE_VERSION "0.2.8"
| #define PACKAGE_STRING "xorgxrdp 0.2.8"
| #define PACKAGE_BUGREPORT "xrdp-devel@googlegroups.com"
| #define PACKAGE_URL ""
| #define PACKAGE "xorgxrdp"
| #define VERSION "0.2.8"
| #define STDC_HEADERS 1
| #define HAVE_SYS_TYPES_H 1
| #define HAVE_SYS_STAT_H 1
| #define HAVE_STDLIB_H 1
| #define HAVE_STRING_H 1
| #define HAVE_MEMORY_H 1
| #define HAVE_STRINGS_H 1
| #define HAVE_INTTYPES_H 1
| #define HAVE_STDINT_H 1
| #define HAVE_UNISTD_H 1
| #define HAVE_DLFCN_H 1
| #define LT_OBJDIR ".libs/"
| /* end confdefs.h.  */
| 
| int
| main ()
| {
| 
|   ;
|   return 0;
| }
configure:12036: gcc -c -g -O2 -pedantic  -Wall  conftest.c >&5
configure:12036: $? = 0
configure:12044: result: -Wall
configure:12064: : CFLAGS="$CFLAGS"
configure:12067: $? = 0
configure:12098: checking whether C compiler accepts -Wwrite-strings
configure:12117: gcc -c -g -O2 -Wall  -Wwrite-strings  conftest.c >&5
configure:12117: $? = 0
configure:12126: result: yes
configure:12142: : CFLAGS="$CFLAGS"
configure:12145: $? = 0
configure:12170: checking for __attribute__((format))
configure:12191: gcc -o conftest -g -O2 -Wall -Wwrite-strings   conftest.c  >&5
configure:12191: $? = 0
configure:12204: result: yes
configure:12272: checking for pkg-config
configure:12290: found /usr/bin/pkg-config
configure:12302: result: /usr/bin/pkg-config
configure:12327: checking pkg-config is at least version 0.9.0
configure:12330: result: yes
configure:12340: checking for XORG_SERVER
configure:12347: $PKG_CONFIG --exists --print-errors "xorg-server >= 0"
configure:12350: $? = 0
configure:12364: $PKG_CONFIG --exists --print-errors "xorg-server >= 0"
configure:12367: $? = 0
configure:12405: result: yes
configure:12413: checking for XRDP
configure:12420: $PKG_CONFIG --exists --print-errors "xrdp >= 0.9.0"
configure:12423: $? = 0
configure:12437: $PKG_CONFIG --exists --print-errors "xrdp >= 0.9.0"
configure:12440: $? = 0
configure:12498: result: yes
configure:12528: checking if we have SIMD optimisations for cpu type
configure:12532: result: yes (x86_64)
configure:12540: checking for nasm
configure:12556: found /usr/bin/nasm
configure:12567: result: nasm
configure:12580: checking for object file format of host system
configure:12654: result: ELF64
configure:12662: checking for object file format specifier (NAFLAGS) 
configure:12677: result: -felf64 -DELF -D__x86_64__
configure:12681: checking whether the assembler (nasm -felf64 -DELF -D__x86_64__) works
configure:12693: nasm -felf64 -DELF -D__x86_64__ -o conftest-nasm.o conftest.asm
configure:12696: $? = 0
configure:12698: result: yes
configure:12709: checking whether the linker accepts assembler output
configure:12729: gcc -o conftest -g -O2 -Wall -Wwrite-strings   conftest.c conftest-nasm.o  >&5
configure:12729: $? = 0
configure:12737: result: yes
configure:13107: checking that generated files are newer than configure
configure:13113: result: done
configure:13144: creating ./config.status

## ---------------------- ##
## Running config.status. ##
## ---------------------- ##

This file was extended by xorgxrdp config.status 0.2.8, which was
generated by GNU Autoconf 2.69.  Invocation command line was

  CONFIG_FILES    = 
  CONFIG_HEADERS  = 
  CONFIG_LINKS    = 
  CONFIG_COMMANDS = 
  $ ./config.status 

on vstream

config.status:1110: creating Makefile
config.status:1110: creating module/Makefile
config.status:1110: creating module/amd64/Makefile
config.status:1110: creating module/x86/Makefile
config.status:1110: creating tests/Makefile
config.status:1110: creating tests/yuv2rgb/Makefile
config.status:1110: creating xrdpdev/Makefile
config.status:1110: creating xrdpkeyb/Makefile
config.status:1110: creating xrdpmouse/Makefile
config.status:1110: creating config_ac.h
config.status:1339: executing depfiles commands
config.status:1416: cd module       && sed -e '/# am--include-marker/d' Makefile         | make -f - am--depfiles
config.status:1421: $? = 0
config.status:1416: cd tests/yuv2rgb       && sed -e '/# am--include-marker/d' Makefile         | make -f - am--depfiles
config.status:1421: $? = 0
config.status:1416: cd xrdpdev       && sed -e '/# am--include-marker/d' Makefile         | make -f - am--depfiles
config.status:1421: $? = 0
config.status:1416: cd xrdpkeyb       && sed -e '/# am--include-marker/d' Makefile         | make -f - am--depfiles
config.status:1421: $? = 0
config.status:1416: cd xrdpmouse       && sed -e '/# am--include-marker/d' Makefile         | make -f - am--depfiles
config.status:1421: $? = 0
config.status:1339: executing libtool commands

## ---------------- ##
## Cache variables. ##
## ---------------- ##

ac_cv_build=x86_64-unknown-linux-gnu
ac_cv_c_compiler_gnu=yes
ac_cv_c_const=yes
ac_cv_cflags_warn_all=-Wall
ac_cv_env_CC_set=
ac_cv_env_CC_value=
ac_cv_env_CFLAGS_set=
ac_cv_env_CFLAGS_value=
ac_cv_env_CPPFLAGS_set=
ac_cv_env_CPPFLAGS_value=
ac_cv_env_CPP_set=
ac_cv_env_CPP_value=
ac_cv_env_LDFLAGS_set=
ac_cv_env_LDFLAGS_value=
ac_cv_env_LIBS_set=
ac_cv_env_LIBS_value=
ac_cv_env_LT_SYS_LIBRARY_PATH_set=
ac_cv_env_LT_SYS_LIBRARY_PATH_value=
ac_cv_env_PKG_CONFIG_LIBDIR_set=
ac_cv_env_PKG_CONFIG_LIBDIR_value=
ac_cv_env_PKG_CONFIG_PATH_set=
ac_cv_env_PKG_CONFIG_PATH_value=
ac_cv_env_PKG_CONFIG_set=
ac_cv_env_PKG_CONFIG_value=
ac_cv_env_XORG_SERVER_CFLAGS_set=
ac_cv_env_XORG_SERVER_CFLAGS_value=
ac_cv_env_XORG_SERVER_LIBS_set=
ac_cv_env_XORG_SERVER_LIBS_value=
ac_cv_env_XRDP_CFLAGS_set=
ac_cv_env_XRDP_CFLAGS_value=
ac_cv_env_XRDP_LIBS_set=
ac_cv_env_XRDP_LIBS_value=
ac_cv_env_build_alias_set=
ac_cv_env_build_alias_value=
ac_cv_env_host_alias_set=
ac_cv_env_host_alias_value=
ac_cv_env_target_alias_set=
ac_cv_env_target_alias_value=
ac_cv_header_dlfcn_h=yes
ac_cv_header_inttypes_h=yes
ac_cv_header_memory_h=yes
ac_cv_header_stdc=yes
ac_cv_header_stdint_h=yes
ac_cv_header_stdlib_h=yes
ac_cv_header_string_h=yes
ac_cv_header_strings_h=yes
ac_cv_header_sys_stat_h=yes
ac_cv_header_sys_types_h=yes
ac_cv_header_unistd_h=yes
ac_cv_host=x86_64-unknown-linux-gnu
ac_cv_objext=o
ac_cv_path_EGREP='/bin/grep -E'
ac_cv_path_FGREP='/bin/grep -F'
ac_cv_path_GREP=/bin/grep
ac_cv_path_SED=/bin/sed
ac_cv_path_ac_pt_PKG_CONFIG=/usr/bin/pkg-config
ac_cv_path_install='/usr/bin/install -c'
ac_cv_path_lt_DD=/bin/dd
ac_cv_path_mkdir=/bin/mkdir
ac_cv_prog_AWK=mawk
ac_cv_prog_CPP='gcc -E'
ac_cv_prog_NASM=nasm
ac_cv_prog_ac_ct_AR=ar
ac_cv_prog_ac_ct_CC=gcc
ac_cv_prog_ac_ct_MANIFEST_TOOL=mt
ac_cv_prog_ac_ct_OBJDUMP=objdump
ac_cv_prog_ac_ct_RANLIB=ranlib
ac_cv_prog_ac_ct_STRIP=strip
ac_cv_prog_cc_c89=
ac_cv_prog_cc_g=yes
ac_cv_prog_make_make_set=yes
am_cv_CC_dependencies_compiler_type=gcc3
am_cv_make_support_nested_variables=yes
am_cv_prog_cc_c_o=yes
ax_cv_check_cflags___Wwrite_strings=yes
ax_cv_have_func_attribute_format=yes
lt_cv_ar_at_file=@
lt_cv_archive_cmds_need_lc=no
lt_cv_deplibs_check_method=pass_all
lt_cv_file_magic_cmd='$MAGIC_CMD'
lt_cv_file_magic_test_file=
lt_cv_ld_reload_flag=-r
lt_cv_nm_interface='BSD nm'
lt_cv_objdir=.libs
lt_cv_path_LD=/usr/bin/ld
lt_cv_path_NM='/usr/bin/nm -B'
lt_cv_path_mainfest_tool=no
lt_cv_prog_compiler_c_o=yes
lt_cv_prog_compiler_pic='-fPIC -DPIC'
lt_cv_prog_compiler_pic_works=yes
lt_cv_prog_compiler_rtti_exceptions=no
lt_cv_prog_compiler_static_works=yes
lt_cv_prog_gnu_ld=yes
lt_cv_sharedlib_from_linklib_cmd='printf %s\n'
lt_cv_shlibpath_overrides_runpath=yes
lt_cv_sys_global_symbol_pipe='sed -n -e '\''s/^.*[	 ]\([ABCDGIRSTW][ABCDGIRSTW]*\)[	 ][	 ]*\([_A-Za-z][_A-Za-z0-9]*\)$/\1 \2 \2/p'\'' | sed '\''/ __gnu_lto/d'\'''
lt_cv_sys_global_symbol_to_c_name_address='sed -n -e '\''s/^: \(.*\) .*$/  {"\1", (void *) 0},/p'\'' -e '\''s/^[ABCDGIRSTW][ABCDGIRSTW]* .* \(.*\)$/  {"\1", (void *) \&\1},/p'\'''
lt_cv_sys_global_symbol_to_c_name_address_lib_prefix='sed -n -e '\''s/^: \(.*\) .*$/  {"\1", (void *) 0},/p'\'' -e '\''s/^[ABCDGIRSTW][ABCDGIRSTW]* .* \(lib.*\)$/  {"\1", (void *) \&\1},/p'\'' -e '\''s/^[ABCDGIRSTW][ABCDGIRSTW]* .* \(.*\)$/  {"lib\1", (void *) \&\1},/p'\'''
lt_cv_sys_global_symbol_to_cdecl='sed -n -e '\''s/^T .* \(.*\)$/extern int \1();/p'\'' -e '\''s/^[ABCDGIRSTW][ABCDGIRSTW]* .* \(.*\)$/extern char \1;/p'\'''
lt_cv_sys_global_symbol_to_import=
lt_cv_sys_max_cmd_len=1572864
lt_cv_to_host_file_cmd=func_convert_file_noop
lt_cv_to_tool_file_cmd=func_convert_file_noop
lt_cv_truncate_bin='/bin/dd bs=4096 count=1'
pkg_cv_XORG_SERVER_CFLAGS='-fvisibility=hidden -I/usr/include/pixman-1 -I/usr/include/libdrm -I/usr/include/xorg -I/usr/include/X11/dri'
pkg_cv_XORG_SERVER_LIBS=
pkg_cv_XRDP_CFLAGS=-I/usr/local/include
pkg_cv_XRDP_LIBS=

## ----------------- ##
## Output variables. ##
## ----------------- ##

ACLOCAL='${SHELL} /home/wyrda/xorgxrdp-0.2.8/missing aclocal-1.16'
AMDEPBACKSLASH='\'
AMDEP_FALSE='#'
AMDEP_TRUE=''
AMTAR='$${TAR-tar}'
AM_BACKSLASH='\'
AM_DEFAULT_V='$(AM_DEFAULT_VERBOSITY)'
AM_DEFAULT_VERBOSITY='0'
AM_V='$(V)'
AR='ar'
AUTOCONF='${SHELL} /home/wyrda/xorgxrdp-0.2.8/missing autoconf'
AUTOHEADER='${SHELL} /home/wyrda/xorgxrdp-0.2.8/missing autoheader'
AUTOMAKE='${SHELL} /home/wyrda/xorgxrdp-0.2.8/missing automake-1.16'
AWK='mawk'
CC='gcc'
CCDEPMODE='depmode=gcc3'
CFLAGS='-g -O2 -Wall -Wwrite-strings'
CPP='gcc -E'
CPPFLAGS=''
CYGPATH_W='echo'
DEFS='-DHAVE_CONFIG_H'
DEPDIR='.deps'
DLLTOOL='false'
DSYMUTIL=''
DUMPBIN=''
ECHO_C=''
ECHO_N='-n'
ECHO_T=''
EGREP='/bin/grep -E'
EXEEXT=''
FGREP='/bin/grep -F'
GREP='/bin/grep'
INSTALL_DATA='${INSTALL} -m 644'
INSTALL_PROGRAM='${INSTALL}'
INSTALL_SCRIPT='${INSTALL}'
INSTALL_STRIP_PROGRAM='$(install_sh) -c -s'
LD='/usr/bin/ld -m elf_x86_64'
LDFLAGS=''
LIBOBJS=''
LIBS=''
LIBTOOL='$(SHELL) $(top_builddir)/libtool'
LIPO=''
LN_S='ln -s'
LTLIBOBJS=''
LT_SYS_LIBRARY_PATH=''
MAKEINFO='${SHELL} /home/wyrda/xorgxrdp-0.2.8/missing makeinfo'
MANIFEST_TOOL=':'
MKDIR_P='/bin/mkdir -p'
NAFLAGS='-felf64 -DELF -D__x86_64__'
NASM='nasm'
NM='/usr/bin/nm -B'
NMEDIT=''
OBJDUMP='objdump'
OBJEXT='o'
OTOOL64=''
OTOOL=''
PACKAGE='xorgxrdp'
PACKAGE_BUGREPORT='xrdp-devel@googlegroups.com'
PACKAGE_NAME='xorgxrdp'
PACKAGE_STRING='xorgxrdp 0.2.8'
PACKAGE_TARNAME='xorgxrdp'
PACKAGE_URL=''
PACKAGE_VERSION='0.2.8'
PATH_SEPARATOR=':'
PKG_CONFIG='/usr/bin/pkg-config'
PKG_CONFIG_LIBDIR=''
PKG_CONFIG_PATH=''
RANLIB='ranlib'
SED='/bin/sed'
SET_MAKE=''
SHELL='/bin/bash'
STRIP='strip'
VERSION='0.2.8'
WITH_SIMD_AMD64_FALSE='#'
WITH_SIMD_AMD64_TRUE=''
WITH_SIMD_X86_FALSE=''
WITH_SIMD_X86_TRUE='#'
XORG_SERVER_CFLAGS='-fvisibility=hidden -I/usr/include/pixman-1 -I/usr/include/libdrm -I/usr/include/xorg -I/usr/include/X11/dri'
XORG_SERVER_LIBS=''
XRDP_CFLAGS='-I/usr/local/include'
XRDP_LIBS=''
ac_ct_AR='ar'
ac_ct_CC='gcc'
ac_ct_DUMPBIN=''
am__EXEEXT_FALSE=''
am__EXEEXT_TRUE='#'
am__fastdepCC_FALSE='#'
am__fastdepCC_TRUE=''
am__include='include'
am__isrc=''
am__leading_dot='.'
am__nodep='_no'
am__quote=''
am__tar='$${TAR-tar} chof - "$$tardir"'
am__untar='$${TAR-tar} xf -'
bindir='${exec_prefix}/bin'
build='x86_64-unknown-linux-gnu'
build_alias=''
build_cpu='x86_64'
build_os='linux-gnu'
build_vendor='unknown'
datadir='${datarootdir}'
datarootdir='${prefix}/share'
docdir='${datarootdir}/doc/${PACKAGE_TARNAME}'
dvidir='${docdir}'
exec_prefix='${prefix}'
host='x86_64-unknown-linux-gnu'
host_alias=''
host_cpu='x86_64'
host_os='linux-gnu'
host_vendor='unknown'
htmldir='${docdir}'
includedir='${prefix}/include'
infodir='${datarootdir}/info'
install_sh='${SHELL} /home/wyrda/xorgxrdp-0.2.8/install-sh'
libdir='${exec_prefix}/lib'
libexecdir='${exec_prefix}/libexec'
localedir='${datarootdir}/locale'
localstatedir='${prefix}/var'
mandir='${datarootdir}/man'
mkdir_p='$(MKDIR_P)'
moduledir='/usr/lib/xorg/modules'
oldincludedir='/usr/include'
package_version_major='0'
package_version_minor='2'
package_version_patchlevel='8'
pdfdir='${docdir}'
prefix='/usr/local'
program_transform_name='s,x,x,'
psdir='${docdir}'
sbindir='${exec_prefix}/sbin'
sharedstatedir='${prefix}/com'
sysconfdir='/etc'
target_alias=''

## ----------- ##
## confdefs.h. ##
## ----------- ##

/* confdefs.h */
#define PACKAGE_NAME "xorgxrdp"
#define PACKAGE_TARNAME "xorgxrdp"
#define PACKAGE_VERSION "0.2.8"
#define PACKAGE_STRING "xorgxrdp 0.2.8"
#define PACKAGE_BUGREPORT "xrdp-devel@googlegroups.com"
#define PACKAGE_URL ""
#define PACKAGE "xorgxrdp"
#define VERSION "0.2.8"
#define STDC_HEADERS 1
#define HAVE_SYS_TYPES_H 1
#define HAVE_SYS_STAT_H 1
#define HAVE_STDLIB_H 1
#define HAVE_STRING_H 1
#define HAVE_MEMORY_H 1
#define HAVE_STRINGS_H 1
#define HAVE_INTTYPES_H 1
#define HAVE_STDINT_H 1
#define HAVE_UNISTD_H 1
#define HAVE_DLFCN_H 1
#define LT_OBJDIR ".libs/"
#define HAVE_FUNC_ATTRIBUTE_FORMAT 1
#define WITH_SIMD 1

configure: exit 0
